<?xml version="1.0" encoding="UTF-8" ?>
<testsuite tests="1" failures="0" name="com.fakegenerator.dao.ClientesDaoTest" time="17.03" errors="1" skipped="0">
  <properties>
[...]
</properties>
  <testcase classname="com.fakegenerator.dao.ClientesDaoTest" name="testCargarClientesFicticios" time="16.973">
    <error message="String index out of range: 4" type="java.lang.StringIndexOutOfBoundsException">java.lang.StringIndexOutOfBoundsException: String index out of range: 4
	at java.lang.String.substring(String.java:1963)
	at com.fakegenerator.dao.ClientesDao.cargarClientesFicticios(ClientesDao.java:143)
	at com.fakegenerator.dao.ClientesDaoTest.testCargarClientesFicticios(ClientesDaoTest.java:195)
	at sun.reflect.NativeMethodAccessorImpl.invoke0(Native Method)
	at sun.reflect.NativeMethodAccessorImpl.invoke(NativeMethodAccessorImpl.java:62)
	at sun.reflect.DelegatingMethodAccessorImpl.invoke(DelegatingMethodAccessorImpl.java:43)
	at java.lang.reflect.Method.invoke(Method.java:498)
	at org.junit.internal.runners.TestMethod.invoke(TestMethod.java:59)
	at org.junit.internal.runners.MethodRoadie.runTestMethod(MethodRoadie.java:98)
	at org.junit.internal.runners.MethodRoadie$2.run(MethodRoadie.java:79)
	at org.junit.internal.runners.MethodRoadie.runBeforesThenTestThenAfters(MethodRoadie.java:87)
	at org.junit.internal.runners.MethodRoadie.runTest(MethodRoadie.java:77)
	at org.junit.internal.runners.MethodRoadie.run(MethodRoadie.java:42)
	at org.junit.internal.runners.JUnit4ClassRunner.invokeTestMethod(JUnit4ClassRunner.java:88)
	at org.junit.internal.runners.JUnit4ClassRunner.runMethods(JUnit4ClassRunner.java:51)
	at org.junit.internal.runners.JUnit4ClassRunner$1.run(JUnit4ClassRunner.java:44)
	at org.junit.internal.runners.ClassRoadie.runUnprotected(ClassRoadie.java:27)
	at org.junit.internal.runners.ClassRoadie.runProtected(ClassRoadie.java:37)
	at org.junit.internal.runners.JUnit4ClassRunner.run(JUnit4ClassRunner.java:42)
	at org.apache.maven.surefire.junit4.JUnit4TestSet.execute(JUnit4TestSet.java:53)
	at org.apache.maven.surefire.junit4.JUnit4Provider.executeTestSet(JUnit4Provider.java:123)
	at org.apache.maven.surefire.junit4.JUnit4Provider.invoke(JUnit4Provider.java:104)
	at sun.reflect.NativeMethodAccessorImpl.invoke0(Native Method)
	at sun.reflect.NativeMethodAccessorImpl.invoke(NativeMethodAccessorImpl.java:62)
	at sun.reflect.DelegatingMethodAccessorImpl.invoke(DelegatingMethodAccessorImpl.java:43)
	at java.lang.reflect.Method.invoke(Method.java:498)
	at org.apache.maven.surefire.util.ReflectionUtils.invokeMethodWithArray(ReflectionUtils.java:164)
	at org.apache.maven.surefire.booter.ProviderFactory$ProviderProxy.invoke(ProviderFactory.java:110)
	at org.apache.maven.surefire.booter.SurefireStarter.invokeProvider(SurefireStarter.java:175)
	at org.apache.maven.surefire.booter.SurefireStarter.runSuitesInProcessWhenForked(SurefireStarter.java:107)
	at org.apache.maven.surefire.booter.ForkedBooter.main(ForkedBooter.java:68)
</error>
    <system-out>testCargarClientesFicticios
Hibernate: insert into usuarios (enabled, password, username) values (?, ?, ?)
Hibernate: insert into personas (ape_mat, ape_pat, nombres, username, dni) values (?, ?, ?, ?, ?)
Hibernate: insert into clientes (direccion, id_distri, email, notas, telefono, dni) values (?, ?, ?, ?, ?, ?)
Hibernate: insert into usuarios (enabled, password, username) values (?, ?, ?)
Hibernate: insert into personas (ape_mat, ape_pat, nombres, username, dni) values (?, ?, ?, ?, ?)
Hibernate: insert into clientes (direccion, id_distri, email, notas, telefono, dni) values (?, ?, ?, ?, ?, ?)
Hibernate: insert into usuarios (enabled, password, username) values (?, ?, ?)
Hibernate: insert into personas (ape_mat, ape_pat, nombres, username, dni) values (?, ?, ?, ?, ?)
Hibernate: insert into clientes (direccion, id_distri, email, notas, telefono, dni) values (?, ?, ?, ?, ?, ?)
Hibernate: insert into usuarios (enabled, password, username) values (?, ?, ?)
Hibernate: insert into personas (ape_mat, ape_pat, nombres, username, dni) values (?, ?, ?, ?, ?)
Hibernate: insert into clientes (direccion, id_distri, email, notas, telefono, dni) values (?, ?, ?, ?, ?, ?)
Hibernate: insert into usuarios (enabled, password, username) values (?, ?, ?)
Hibernate: insert into personas (ape_mat, ape_pat, nombres, username, dni) values (?, ?, ?, ?, ?)
Hibernate: insert into clientes (direccion, id_distri, email, notas, telefono, dni) values (?, ?, ?, ?, ?, ?)
Hibernate: insert into usuarios (enabled, password, username) values (?, ?, ?)
Hibernate: insert into personas (ape_mat, ape_pat, nombres, username, dni) values (?, ?, ?, ?, ?)
Hibernate: insert into clientes (direccion, id_distri, email, notas, telefono, dni) values (?, ?, ?, ?, ?, ?)
Hibernate: insert into usuarios (enabled, password, username) values (?, ?, ?)
Hibernate: insert into personas (ape_mat, ape_pat, nombres, username, dni) values (?, ?, ?, ?, ?)
Hibernate: insert into clientes (direccion, id_distri, email, notas, telefono, dni) values (?, ?, ?, ?, ?, ?)
Hibernate: insert into usuarios (enabled, password, username) values (?, ?, ?)
Hibernate: insert into personas (ape_mat, ape_pat, nombres, username, dni) values (?, ?, ?, ?, ?)
Hibernate: insert into clientes (direccion, id_distri, email, notas, telefono, dni) values (?, ?, ?, ?, ?, ?)
Hibernate: insert into usuarios (enabled, password, username) values (?, ?, ?)
Hibernate: insert into personas (ape_mat, ape_pat, nombres, username, dni) values (?, ?, ?, ?, ?)
Hibernate: insert into clientes (direccion, id_distri, email, notas, telefono, dni) values (?, ?, ?, ?, ?, ?)
Hibernate: insert into usuarios (enabled, password, username) values (?, ?, ?)
Hibernate: insert into personas (ape_mat, ape_pat, nombres, username, dni) values (?, ?, ?, ?, ?)
Hibernate: insert into clientes (direccion, id_distri, email, notas, telefono, dni) values (?, ?, ?, ?, ?, ?)
Hibernate: insert into usuarios (enabled, password, username) values (?, ?, ?)
Hibernate: insert into personas (ape_mat, ape_pat, nombres, username, dni) values (?, ?, ?, ?, ?)
Hibernate: insert into clientes (direccion, id_distri, email, notas, telefono, dni) values (?, ?, ?, ?, ?, ?)
Hibernate: insert into usuarios (enabled, password, username) values (?, ?, ?)
Hibernate: insert into personas (ape_mat, ape_pat, nombres, username, dni) values (?, ?, ?, ?, ?)
Hibernate: insert into clientes (direccion, id_distri, email, notas, telefono, dni) values (?, ?, ?, ?, ?, ?)
Hibernate: insert into usuarios (enabled, password, username) values (?, ?, ?)
Hibernate: insert into personas (ape_mat, ape_pat, nombres, username, dni) values (?, ?, ?, ?, ?)
Hibernate: insert into clientes (direccion, id_distri, email, notas, telefono, dni) values (?, ?, ?, ?, ?, ?)
Hibernate: insert into usuarios (enabled, password, username) values (?, ?, ?)
Hibernate: insert into personas (ape_mat, ape_pat, nombres, username, dni) values (?, ?, ?, ?, ?)
Hibernate: insert into clientes (direccion, id_distri, email, notas, telefono, dni) values (?, ?, ?, ?, ?, ?)
Hibernate: insert into usuarios (enabled, password, username) values (?, ?, ?)
Hibernate: insert into personas (ape_mat, ape_pat, nombres, username, dni) values (?, ?, ?, ?, ?)
Hibernate: insert into clientes (direccion, id_distri, email, notas, telefono, dni) values (?, ?, ?, ?, ?, ?)
Hibernate: insert into usuarios (enabled, password, username) values (?, ?, ?)
Hibernate: insert into personas (ape_mat, ape_pat, nombres, username, dni) values (?, ?, ?, ?, ?)
Hibernate: insert into clientes (direccion, id_distri, email, notas, telefono, dni) values (?, ?, ?, ?, ?, ?)
Hibernate: insert into usuarios (enabled, password, username) values (?, ?, ?)
Hibernate: insert into personas (ape_mat, ape_pat, nombres, username, dni) values (?, ?, ?, ?, ?)
Hibernate: insert into clientes (direccion, id_distri, email, notas, telefono, dni) values (?, ?, ?, ?, ?, ?)
Hibernate: insert into usuarios (enabled, password, username) values (?, ?, ?)
Hibernate: insert into personas (ape_mat, ape_pat, nombres, username, dni) values (?, ?, ?, ?, ?)
Hibernate: insert into clientes (direccion, id_distri, email, notas, telefono, dni) values (?, ?, ?, ?, ?, ?)
Hibernate: insert into usuarios (enabled, password, username) values (?, ?, ?)
Hibernate: insert into personas (ape_mat, ape_pat, nombres, username, dni) values (?, ?, ?, ?, ?)
Hibernate: insert into clientes (direccion, id_distri, email, notas, telefono, dni) values (?, ?, ?, ?, ?, ?)
Hibernate: insert into usuarios (enabled, password, username) values (?, ?, ?)
Hibernate: insert into personas (ape_mat, ape_pat, nombres, username, dni) values (?, ?, ?, ?, ?)
Hibernate: insert into clientes (direccion, id_distri, email, notas, telefono, dni) values (?, ?, ?, ?, ?, ?)
Hibernate: insert into usuarios (enabled, password, username) values (?, ?, ?)
Hibernate: insert into personas (ape_mat, ape_pat, nombres, username, dni) values (?, ?, ?, ?, ?)
Hibernate: insert into clientes (direccion, id_distri, email, notas, telefono, dni) values (?, ?, ?, ?, ?, ?)
Hibernate: insert into usuarios (enabled, password, username) values (?, ?, ?)
Hibernate: insert into personas (ape_mat, ape_pat, nombres, username, dni) values (?, ?, ?, ?, ?)
Hibernate: insert into clientes (direccion, id_distri, email, notas, telefono, dni) values (?, ?, ?, ?, ?, ?)
Hibernate: insert into usuarios (enabled, password, username) values (?, ?, ?)
Hibernate: insert into personas (ape_mat, ape_pat, nombres, username, dni) values (?, ?, ?, ?, ?)
Hibernate: insert into clientes (direccion, id_distri, email, notas, telefono, dni) values (?, ?, ?, ?, ?, ?)
Hibernate: insert into usuarios (enabled, password, username) values (?, ?, ?)
Hibernate: insert into personas (ape_mat, ape_pat, nombres, username, dni) values (?, ?, ?, ?, ?)
Hibernate: insert into clientes (direccion, id_distri, email, notas, telefono, dni) values (?, ?, ?, ?, ?, ?)
Hibernate: insert into usuarios (enabled, password, username) values (?, ?, ?)
Hibernate: insert into personas (ape_mat, ape_pat, nombres, username, dni) values (?, ?, ?, ?, ?)
Hibernate: insert into clientes (direccion, id_distri, email, notas, telefono, dni) values (?, ?, ?, ?, ?, ?)
Hibernate: insert into usuarios (enabled, password, username) values (?, ?, ?)
Hibernate: insert into personas (ape_mat, ape_pat, nombres, username, dni) values (?, ?, ?, ?, ?)
Hibernate: insert into clientes (direccion, id_distri, email, notas, telefono, dni) values (?, ?, ?, ?, ?, ?)
Hibernate: insert into usuarios (enabled, password, username) values (?, ?, ?)
Hibernate: insert into personas (ape_mat, ape_pat, nombres, username, dni) values (?, ?, ?, ?, ?)
Hibernate: insert into clientes (direccion, id_distri, email, notas, telefono, dni) values (?, ?, ?, ?, ?, ?)
Hibernate: insert into usuarios (enabled, password, username) values (?, ?, ?)
Hibernate: insert into personas (ape_mat, ape_pat, nombres, username, dni) values (?, ?, ?, ?, ?)
Hibernate: insert into clientes (direccion, id_distri, email, notas, telefono, dni) values (?, ?, ?, ?, ?, ?)
Hibernate: insert into usuarios (enabled, password, username) values (?, ?, ?)
Hibernate: insert into personas (ape_mat, ape_pat, nombres, username, dni) values (?, ?, ?, ?, ?)
Hibernate: insert into clientes (direccion, id_distri, email, notas, telefono, dni) values (?, ?, ?, ?, ?, ?)
Hibernate: insert into usuarios (enabled, password, username) values (?, ?, ?)
Hibernate: insert into personas (ape_mat, ape_pat, nombres, username, dni) values (?, ?, ?, ?, ?)
Hibernate: insert into clientes (direccion, id_distri, email, notas, telefono, dni) values (?, ?, ?, ?, ?, ?)
Hibernate: insert into usuarios (enabled, password, username) values (?, ?, ?)
Hibernate: insert into personas (ape_mat, ape_pat, nombres, username, dni) values (?, ?, ?, ?, ?)
Hibernate: insert into clientes (direccion, id_distri, email, notas, telefono, dni) values (?, ?, ?, ?, ?, ?)
Hibernate: insert into usuarios (enabled, password, username) values (?, ?, ?)
Hibernate: insert into personas (ape_mat, ape_pat, nombres, username, dni) values (?, ?, ?, ?, ?)
Hibernate: insert into clientes (direccion, id_distri, email, notas, telefono, dni) values (?, ?, ?, ?, ?, ?)
Hibernate: insert into usuarios (enabled, password, username) values (?, ?, ?)
Hibernate: insert into personas (ape_mat, ape_pat, nombres, username, dni) values (?, ?, ?, ?, ?)
Hibernate: insert into clientes (direccion, id_distri, email, notas, telefono, dni) values (?, ?, ?, ?, ?, ?)
Hibernate: insert into usuarios (enabled, password, username) values (?, ?, ?)
Hibernate: insert into personas (ape_mat, ape_pat, nombres, username, dni) values (?, ?, ?, ?, ?)
Hibernate: insert into clientes (direccion, id_distri, email, notas, telefono, dni) values (?, ?, ?, ?, ?, ?)
Hibernate: insert into usuarios (enabled, password, username) values (?, ?, ?)
Hibernate: insert into personas (ape_mat, ape_pat, nombres, username, dni) values (?, ?, ?, ?, ?)
Hibernate: insert into clientes (direccion, id_distri, email, notas, telefono, dni) values (?, ?, ?, ?, ?, ?)
Hibernate: insert into usuarios (enabled, password, username) values (?, ?, ?)
Hibernate: insert into personas (ape_mat, ape_pat, nombres, username, dni) values (?, ?, ?, ?, ?)
Hibernate: insert into clientes (direccion, id_distri, email, notas, telefono, dni) values (?, ?, ?, ?, ?, ?)
Hibernate: insert into usuarios (enabled, password, username) values (?, ?, ?)
Hibernate: insert into personas (ape_mat, ape_pat, nombres, username, dni) values (?, ?, ?, ?, ?)
Hibernate: insert into clientes (direccion, id_distri, email, notas, telefono, dni) values (?, ?, ?, ?, ?, ?)
Hibernate: insert into usuarios (enabled, password, username) values (?, ?, ?)
Hibernate: insert into personas (ape_mat, ape_pat, nombres, username, dni) values (?, ?, ?, ?, ?)
Hibernate: insert into clientes (direccion, id_distri, email, notas, telefono, dni) values (?, ?, ?, ?, ?, ?)
Hibernate: insert into usuarios (enabled, password, username) values (?, ?, ?)
Hibernate: insert into personas (ape_mat, ape_pat, nombres, username, dni) values (?, ?, ?, ?, ?)
Hibernate: insert into clientes (direccion, id_distri, email, notas, telefono, dni) values (?, ?, ?, ?, ?, ?)
Hibernate: insert into usuarios (enabled, password, username) values (?, ?, ?)
Hibernate: insert into personas (ape_mat, ape_pat, nombres, username, dni) values (?, ?, ?, ?, ?)
Hibernate: insert into clientes (direccion, id_distri, email, notas, telefono, dni) values (?, ?, ?, ?, ?, ?)
Hibernate: insert into usuarios (enabled, password, username) values (?, ?, ?)
Hibernate: insert into personas (ape_mat, ape_pat, nombres, username, dni) values (?, ?, ?, ?, ?)
Hibernate: insert into clientes (direccion, id_distri, email, notas, telefono, dni) values (?, ?, ?, ?, ?, ?)
Hibernate: insert into usuarios (enabled, password, username) values (?, ?, ?)
Hibernate: insert into personas (ape_mat, ape_pat, nombres, username, dni) values (?, ?, ?, ?, ?)
Hibernate: insert into clientes (direccion, id_distri, email, notas, telefono, dni) values (?, ?, ?, ?, ?, ?)
Hibernate: insert into usuarios (enabled, password, username) values (?, ?, ?)
Hibernate: insert into personas (ape_mat, ape_pat, nombres, username, dni) values (?, ?, ?, ?, ?)
Hibernate: insert into clientes (direccion, id_distri, email, notas, telefono, dni) values (?, ?, ?, ?, ?, ?)
Hibernate: insert into usuarios (enabled, password, username) values (?, ?, ?)
Hibernate: insert into personas (ape_mat, ape_pat, nombres, username, dni) values (?, ?, ?, ?, ?)
Hibernate: insert into clientes (direccion, id_distri, email, notas, telefono, dni) values (?, ?, ?, ?, ?, ?)
Hibernate: insert into usuarios (enabled, password, username) values (?, ?, ?)
Hibernate: insert into personas (ape_mat, ape_pat, nombres, username, dni) values (?, ?, ?, ?, ?)
Hibernate: insert into clientes (direccion, id_distri, email, notas, telefono, dni) values (?, ?, ?, ?, ?, ?)
Hibernate: insert into usuarios (enabled, password, username) values (?, ?, ?)
Hibernate: insert into personas (ape_mat, ape_pat, nombres, username, dni) values (?, ?, ?, ?, ?)
Hibernate: insert into clientes (direccion, id_distri, email, notas, telefono, dni) values (?, ?, ?, ?, ?, ?)
Hibernate: insert into usuarios (enabled, password, username) values (?, ?, ?)
Hibernate: insert into personas (ape_mat, ape_pat, nombres, username, dni) values (?, ?, ?, ?, ?)
Hibernate: insert into clientes (direccion, id_distri, email, notas, telefono, dni) values (?, ?, ?, ?, ?, ?)
Hibernate: insert into usuarios (enabled, password, username) values (?, ?, ?)
Hibernate: insert into personas (ape_mat, ape_pat, nombres, username, dni) values (?, ?, ?, ?, ?)
Hibernate: insert into clientes (direccion, id_distri, email, notas, telefono, dni) values (?, ?, ?, ?, ?, ?)
Hibernate: insert into usuarios (enabled, password, username) values (?, ?, ?)
Hibernate: insert into personas (ape_mat, ape_pat, nombres, username, dni) values (?, ?, ?, ?, ?)
Hibernate: insert into clientes (direccion, id_distri, email, notas, telefono, dni) values (?, ?, ?, ?, ?, ?)
Hibernate: insert into usuarios (enabled, password, username) values (?, ?, ?)
Hibernate: insert into personas (ape_mat, ape_pat, nombres, username, dni) values (?, ?, ?, ?, ?)
Hibernate: insert into clientes (direccion, id_distri, email, notas, telefono, dni) values (?, ?, ?, ?, ?, ?)
Hibernate: insert into usuarios (enabled, password, username) values (?, ?, ?)
Hibernate: insert into personas (ape_mat, ape_pat, nombres, username, dni) values (?, ?, ?, ?, ?)
Hibernate: insert into clientes (direccion, id_distri, email, notas, telefono, dni) values (?, ?, ?, ?, ?, ?)
Hibernate: insert into usuarios (enabled, password, username) values (?, ?, ?)
Hibernate: insert into personas (ape_mat, ape_pat, nombres, username, dni) values (?, ?, ?, ?, ?)
Hibernate: insert into clientes (direccion, id_distri, email, notas, telefono, dni) values (?, ?, ?, ?, ?, ?)
Hibernate: insert into usuarios (enabled, password, username) values (?, ?, ?)
Hibernate: insert into personas (ape_mat, ape_pat, nombres, username, dni) values (?, ?, ?, ?, ?)
Hibernate: insert into clientes (direccion, id_distri, email, notas, telefono, dni) values (?, ?, ?, ?, ?, ?)
Hibernate: insert into usuarios (enabled, password, username) values (?, ?, ?)
Hibernate: insert into personas (ape_mat, ape_pat, nombres, username, dni) values (?, ?, ?, ?, ?)
Hibernate: insert into clientes (direccion, id_distri, email, notas, telefono, dni) values (?, ?, ?, ?, ?, ?)
Hibernate: insert into usuarios (enabled, password, username) values (?, ?, ?)
Hibernate: insert into personas (ape_mat, ape_pat, nombres, username, dni) values (?, ?, ?, ?, ?)
Hibernate: insert into clientes (direccion, id_distri, email, notas, telefono, dni) values (?, ?, ?, ?, ?, ?)
Hibernate: insert into usuarios (enabled, password, username) values (?, ?, ?)
Hibernate: insert into personas (ape_mat, ape_pat, nombres, username, dni) values (?, ?, ?, ?, ?)
Hibernate: insert into clientes (direccion, id_distri, email, notas, telefono, dni) values (?, ?, ?, ?, ?, ?)
Hibernate: insert into usuarios (enabled, password, username) values (?, ?, ?)
Hibernate: insert into personas (ape_mat, ape_pat, nombres, username, dni) values (?, ?, ?, ?, ?)
Hibernate: insert into clientes (direccion, id_distri, email, notas, telefono, dni) values (?, ?, ?, ?, ?, ?)
Hibernate: insert into usuarios (enabled, password, username) values (?, ?, ?)
Hibernate: insert into personas (ape_mat, ape_pat, nombres, username, dni) values (?, ?, ?, ?, ?)
Hibernate: insert into clientes (direccion, id_distri, email, notas, telefono, dni) values (?, ?, ?, ?, ?, ?)
Hibernate: insert into usuarios (enabled, password, username) values (?, ?, ?)
Hibernate: insert into personas (ape_mat, ape_pat, nombres, username, dni) values (?, ?, ?, ?, ?)
Hibernate: insert into clientes (direccion, id_distri, email, notas, telefono, dni) values (?, ?, ?, ?, ?, ?)
Hibernate: insert into usuarios (enabled, password, username) values (?, ?, ?)
Hibernate: insert into personas (ape_mat, ape_pat, nombres, username, dni) values (?, ?, ?, ?, ?)
Hibernate: insert into clientes (direccion, id_distri, email, notas, telefono, dni) values (?, ?, ?, ?, ?, ?)
Hibernate: insert into usuarios (enabled, password, username) values (?, ?, ?)
Hibernate: insert into personas (ape_mat, ape_pat, nombres, username, dni) values (?, ?, ?, ?, ?)
Hibernate: insert into clientes (direccion, id_distri, email, notas, telefono, dni) values (?, ?, ?, ?, ?, ?)
Hibernate: insert into usuarios (enabled, password, username) values (?, ?, ?)
Hibernate: insert into personas (ape_mat, ape_pat, nombres, username, dni) values (?, ?, ?, ?, ?)
Hibernate: insert into clientes (direccion, id_distri, email, notas, telefono, dni) values (?, ?, ?, ?, ?, ?)
Hibernate: insert into usuarios (enabled, password, username) values (?, ?, ?)
Hibernate: insert into personas (ape_mat, ape_pat, nombres, username, dni) values (?, ?, ?, ?, ?)
Hibernate: insert into clientes (direccion, id_distri, email, notas, telefono, dni) values (?, ?, ?, ?, ?, ?)
Hibernate: insert into usuarios (enabled, password, username) values (?, ?, ?)
Hibernate: insert into personas (ape_mat, ape_pat, nombres, username, dni) values (?, ?, ?, ?, ?)
Hibernate: insert into clientes (direccion, id_distri, email, notas, telefono, dni) values (?, ?, ?, ?, ?, ?)
Hibernate: insert into usuarios (enabled, password, username) values (?, ?, ?)
Hibernate: insert into personas (ape_mat, ape_pat, nombres, username, dni) values (?, ?, ?, ?, ?)
Hibernate: insert into clientes (direccion, id_distri, email, notas, telefono, dni) values (?, ?, ?, ?, ?, ?)
Hibernate: insert into usuarios (enabled, password, username) values (?, ?, ?)
Hibernate: insert into personas (ape_mat, ape_pat, nombres, username, dni) values (?, ?, ?, ?, ?)
Hibernate: insert into clientes (direccion, id_distri, email, notas, telefono, dni) values (?, ?, ?, ?, ?, ?)
Hibernate: insert into usuarios (enabled, password, username) values (?, ?, ?)
Hibernate: insert into personas (ape_mat, ape_pat, nombres, username, dni) values (?, ?, ?, ?, ?)
Hibernate: insert into clientes (direccion, id_distri, email, notas, telefono, dni) values (?, ?, ?, ?, ?, ?)
Hibernate: insert into usuarios (enabled, password, username) values (?, ?, ?)
Hibernate: insert into personas (ape_mat, ape_pat, nombres, username, dni) values (?, ?, ?, ?, ?)
Hibernate: insert into clientes (direccion, id_distri, email, notas, telefono, dni) values (?, ?, ?, ?, ?, ?)
Hibernate: insert into usuarios (enabled, password, username) values (?, ?, ?)
Hibernate: insert into personas (ape_mat, ape_pat, nombres, username, dni) values (?, ?, ?, ?, ?)
Hibernate: insert into clientes (direccion, id_distri, email, notas, telefono, dni) values (?, ?, ?, ?, ?, ?)
Hibernate: insert into usuarios (enabled, password, username) values (?, ?, ?)
Hibernate: insert into personas (ape_mat, ape_pat, nombres, username, dni) values (?, ?, ?, ?, ?)
Hibernate: insert into clientes (direccion, id_distri, email, notas, telefono, dni) values (?, ?, ?, ?, ?, ?)
Hibernate: insert into usuarios (enabled, password, username) values (?, ?, ?)
Hibernate: insert into personas (ape_mat, ape_pat, nombres, username, dni) values (?, ?, ?, ?, ?)
Hibernate: insert into clientes (direccion, id_distri, email, notas, telefono, dni) values (?, ?, ?, ?, ?, ?)
Hibernate: insert into usuarios (enabled, password, username) values (?, ?, ?)
Hibernate: insert into personas (ape_mat, ape_pat, nombres, username, dni) values (?, ?, ?, ?, ?)
Hibernate: insert into clientes (direccion, id_distri, email, notas, telefono, dni) values (?, ?, ?, ?, ?, ?)
Hibernate: insert into usuarios (enabled, password, username) values (?, ?, ?)
Hibernate: insert into personas (ape_mat, ape_pat, nombres, username, dni) values (?, ?, ?, ?, ?)
Hibernate: insert into clientes (direccion, id_distri, email, notas, telefono, dni) values (?, ?, ?, ?, ?, ?)
Hibernate: insert into usuarios (enabled, password, username) values (?, ?, ?)
Hibernate: insert into personas (ape_mat, ape_pat, nombres, username, dni) values (?, ?, ?, ?, ?)
Hibernate: insert into clientes (direccion, id_distri, email, notas, telefono, dni) values (?, ?, ?, ?, ?, ?)
Hibernate: insert into usuarios (enabled, password, username) values (?, ?, ?)
Hibernate: insert into personas (ape_mat, ape_pat, nombres, username, dni) values (?, ?, ?, ?, ?)
Hibernate: insert into clientes (direccion, id_distri, email, notas, telefono, dni) values (?, ?, ?, ?, ?, ?)
Hibernate: insert into usuarios (enabled, password, username) values (?, ?, ?)
Hibernate: insert into personas (ape_mat, ape_pat, nombres, username, dni) values (?, ?, ?, ?, ?)
Hibernate: insert into clientes (direccion, id_distri, email, notas, telefono, dni) values (?, ?, ?, ?, ?, ?)
Hibernate: insert into usuarios (enabled, password, username) values (?, ?, ?)
Hibernate: insert into personas (ape_mat, ape_pat, nombres, username, dni) values (?, ?, ?, ?, ?)
Hibernate: insert into clientes (direccion, id_distri, email, notas, telefono, dni) values (?, ?, ?, ?, ?, ?)
Hibernate: insert into usuarios (enabled, password, username) values (?, ?, ?)
Hibernate: insert into personas (ape_mat, ape_pat, nombres, username, dni) values (?, ?, ?, ?, ?)
Hibernate: insert into clientes (direccion, id_distri, email, notas, telefono, dni) values (?, ?, ?, ?, ?, ?)
Hibernate: insert into usuarios (enabled, password, username) values (?, ?, ?)
Hibernate: insert into personas (ape_mat, ape_pat, nombres, username, dni) values (?, ?, ?, ?, ?)
Hibernate: insert into clientes (direccion, id_distri, email, notas, telefono, dni) values (?, ?, ?, ?, ?, ?)
Hibernate: insert into usuarios (enabled, password, username) values (?, ?, ?)
Hibernate: insert into personas (ape_mat, ape_pat, nombres, username, dni) values (?, ?, ?, ?, ?)
Hibernate: insert into clientes (direccion, id_distri, email, notas, telefono, dni) values (?, ?, ?, ?, ?, ?)
Hibernate: insert into usuarios (enabled, password, username) values (?, ?, ?)
Hibernate: insert into personas (ape_mat, ape_pat, nombres, username, dni) values (?, ?, ?, ?, ?)
Hibernate: insert into clientes (direccion, id_distri, email, notas, telefono, dni) values (?, ?, ?, ?, ?, ?)
Hibernate: insert into usuarios (enabled, password, username) values (?, ?, ?)
Hibernate: insert into personas (ape_mat, ape_pat, nombres, username, dni) values (?, ?, ?, ?, ?)
Hibernate: insert into clientes (direccion, id_distri, email, notas, telefono, dni) values (?, ?, ?, ?, ?, ?)
Hibernate: insert into usuarios (enabled, password, username) values (?, ?, ?)
Hibernate: insert into personas (ape_mat, ape_pat, nombres, username, dni) values (?, ?, ?, ?, ?)
Hibernate: insert into clientes (direccion, id_distri, email, notas, telefono, dni) values (?, ?, ?, ?, ?, ?)
Hibernate: insert into usuarios (enabled, password, username) values (?, ?, ?)
Hibernate: insert into personas (ape_mat, ape_pat, nombres, username, dni) values (?, ?, ?, ?, ?)
Hibernate: insert into clientes (direccion, id_distri, email, notas, telefono, dni) values (?, ?, ?, ?, ?, ?)
Hibernate: insert into usuarios (enabled, password, username) values (?, ?, ?)
Hibernate: insert into personas (ape_mat, ape_pat, nombres, username, dni) values (?, ?, ?, ?, ?)
Hibernate: insert into clientes (direccion, id_distri, email, notas, telefono, dni) values (?, ?, ?, ?, ?, ?)
Hibernate: insert into usuarios (enabled, password, username) values (?, ?, ?)
Hibernate: insert into personas (ape_mat, ape_pat, nombres, username, dni) values (?, ?, ?, ?, ?)
Hibernate: insert into clientes (direccion, id_distri, email, notas, telefono, dni) values (?, ?, ?, ?, ?, ?)
Hibernate: insert into usuarios (enabled, password, username) values (?, ?, ?)
Hibernate: insert into personas (ape_mat, ape_pat, nombres, username, dni) values (?, ?, ?, ?, ?)
Hibernate: insert into clientes (direccion, id_distri, email, notas, telefono, dni) values (?, ?, ?, ?, ?, ?)
Hibernate: insert into usuarios (enabled, password, username) values (?, ?, ?)
Hibernate: insert into personas (ape_mat, ape_pat, nombres, username, dni) values (?, ?, ?, ?, ?)
Hibernate: insert into clientes (direccion, id_distri, email, notas, telefono, dni) values (?, ?, ?, ?, ?, ?)
Hibernate: insert into usuarios (enabled, password, username) values (?, ?, ?)
Hibernate: insert into personas (ape_mat, ape_pat, nombres, username, dni) values (?, ?, ?, ?, ?)
Hibernate: insert into clientes (direccion, id_distri, email, notas, telefono, dni) values (?, ?, ?, ?, ?, ?)
Hibernate: insert into usuarios (enabled, password, username) values (?, ?, ?)
Hibernate: insert into personas (ape_mat, ape_pat, nombres, username, dni) values (?, ?, ?, ?, ?)
Hibernate: insert into clientes (direccion, id_distri, email, notas, telefono, dni) values (?, ?, ?, ?, ?, ?)
Hibernate: insert into usuarios (enabled, password, username) values (?, ?, ?)
Hibernate: insert into personas (ape_mat, ape_pat, nombres, username, dni) values (?, ?, ?, ?, ?)
Hibernate: insert into clientes (direccion, id_distri, email, notas, telefono, dni) values (?, ?, ?, ?, ?, ?)
Hibernate: insert into usuarios (enabled, password, username) values (?, ?, ?)
Hibernate: insert into personas (ape_mat, ape_pat, nombres, username, dni) values (?, ?, ?, ?, ?)
Hibernate: insert into clientes (direccion, id_distri, email, notas, telefono, dni) values (?, ?, ?, ?, ?, ?)
Hibernate: insert into usuarios (enabled, password, username) values (?, ?, ?)
Hibernate: insert into personas (ape_mat, ape_pat, nombres, username, dni) values (?, ?, ?, ?, ?)
Hibernate: insert into clientes (direccion, id_distri, email, notas, telefono, dni) values (?, ?, ?, ?, ?, ?)
Hibernate: insert into usuarios (enabled, password, username) values (?, ?, ?)
Hibernate: insert into personas (ape_mat, ape_pat, nombres, username, dni) values (?, ?, ?, ?, ?)
Hibernate: insert into clientes (direccion, id_distri, email, notas, telefono, dni) values (?, ?, ?, ?, ?, ?)
Hibernate: insert into usuarios (enabled, password, username) values (?, ?, ?)
Hibernate: insert into personas (ape_mat, ape_pat, nombres, username, dni) values (?, ?, ?, ?, ?)
Hibernate: insert into clientes (direccion, id_distri, email, notas, telefono, dni) values (?, ?, ?, ?, ?, ?)
Hibernate: insert into usuarios (enabled, password, username) values (?, ?, ?)
Hibernate: insert into personas (ape_mat, ape_pat, nombres, username, dni) values (?, ?, ?, ?, ?)
Hibernate: insert into clientes (direccion, id_distri, email, notas, telefono, dni) values (?, ?, ?, ?, ?, ?)
Hibernate: insert into usuarios (enabled, password, username) values (?, ?, ?)
Hibernate: insert into personas (ape_mat, ape_pat, nombres, username, dni) values (?, ?, ?, ?, ?)
Hibernate: insert into clientes (direccion, id_distri, email, notas, telefono, dni) values (?, ?, ?, ?, ?, ?)
Hibernate: insert into usuarios (enabled, password, username) values (?, ?, ?)
Hibernate: insert into personas (ape_mat, ape_pat, nombres, username, dni) values (?, ?, ?, ?, ?)
Hibernate: insert into clientes (direccion, id_distri, email, notas, telefono, dni) values (?, ?, ?, ?, ?, ?)
Hibernate: insert into usuarios (enabled, password, username) values (?, ?, ?)
Hibernate: insert into personas (ape_mat, ape_pat, nombres, username, dni) values (?, ?, ?, ?, ?)
Hibernate: insert into clientes (direccion, id_distri, email, notas, telefono, dni) values (?, ?, ?, ?, ?, ?)
Hibernate: insert into usuarios (enabled, password, username) values (?, ?, ?)
Hibernate: insert into personas (ape_mat, ape_pat, nombres, username, dni) values (?, ?, ?, ?, ?)
Hibernate: insert into clientes (direccion, id_distri, email, notas, telefono, dni) values (?, ?, ?, ?, ?, ?)
Hibernate: insert into usuarios (enabled, password, username) values (?, ?, ?)
Hibernate: insert into personas (ape_mat, ape_pat, nombres, username, dni) values (?, ?, ?, ?, ?)
Hibernate: insert into clientes (direccion, id_distri, email, notas, telefono, dni) values (?, ?, ?, ?, ?, ?)
Hibernate: insert into usuarios (enabled, password, username) values (?, ?, ?)
Hibernate: insert into personas (ape_mat, ape_pat, nombres, username, dni) values (?, ?, ?, ?, ?)
Hibernate: insert into clientes (direccion, id_distri, email, notas, telefono, dni) values (?, ?, ?, ?, ?, ?)
Hibernate: insert into usuarios (enabled, password, username) values (?, ?, ?)
Hibernate: insert into personas (ape_mat, ape_pat, nombres, username, dni) values (?, ?, ?, ?, ?)
Hibernate: insert into clientes (direccion, id_distri, email, notas, telefono, dni) values (?, ?, ?, ?, ?, ?)
Hibernate: insert into usuarios (enabled, password, username) values (?, ?, ?)
Hibernate: insert into personas (ape_mat, ape_pat, nombres, username, dni) values (?, ?, ?, ?, ?)
Hibernate: insert into clientes (direccion, id_distri, email, notas, telefono, dni) values (?, ?, ?, ?, ?, ?)
Hibernate: insert into usuarios (enabled, password, username) values (?, ?, ?)
Hibernate: insert into personas (ape_mat, ape_pat, nombres, username, dni) values (?, ?, ?, ?, ?)
Hibernate: insert into clientes (direccion, id_distri, email, notas, telefono, dni) values (?, ?, ?, ?, ?, ?)
Hibernate: insert into usuarios (enabled, password, username) values (?, ?, ?)
Hibernate: insert into personas (ape_mat, ape_pat, nombres, username, dni) values (?, ?, ?, ?, ?)
Hibernate: insert into clientes (direccion, id_distri, email, notas, telefono, dni) values (?, ?, ?, ?, ?, ?)
Hibernate: insert into usuarios (enabled, password, username) values (?, ?, ?)
Hibernate: insert into personas (ape_mat, ape_pat, nombres, username, dni) values (?, ?, ?, ?, ?)
Hibernate: insert into clientes (direccion, id_distri, email, notas, telefono, dni) values (?, ?, ?, ?, ?, ?)
Hibernate: insert into usuarios (enabled, password, username) values (?, ?, ?)
Hibernate: insert into personas (ape_mat, ape_pat, nombres, username, dni) values (?, ?, ?, ?, ?)
Hibernate: insert into clientes (direccion, id_distri, email, notas, telefono, dni) values (?, ?, ?, ?, ?, ?)
Hibernate: insert into usuarios (enabled, password, username) values (?, ?, ?)
Hibernate: insert into personas (ape_mat, ape_pat, nombres, username, dni) values (?, ?, ?, ?, ?)
Hibernate: insert into clientes (direccion, id_distri, email, notas, telefono, dni) values (?, ?, ?, ?, ?, ?)
Hibernate: insert into usuarios (enabled, password, username) values (?, ?, ?)
Hibernate: insert into personas (ape_mat, ape_pat, nombres, username, dni) values (?, ?, ?, ?, ?)
Hibernate: insert into clientes (direccion, id_distri, email, notas, telefono, dni) values (?, ?, ?, ?, ?, ?)
Hibernate: insert into usuarios (enabled, password, username) values (?, ?, ?)
Hibernate: insert into personas (ape_mat, ape_pat, nombres, username, dni) values (?, ?, ?, ?, ?)
Hibernate: insert into clientes (direccion, id_distri, email, notas, telefono, dni) values (?, ?, ?, ?, ?, ?)
Hibernate: insert into usuarios (enabled, password, username) values (?, ?, ?)
Hibernate: insert into personas (ape_mat, ape_pat, nombres, username, dni) values (?, ?, ?, ?, ?)
Hibernate: insert into clientes (direccion, id_distri, email, notas, telefono, dni) values (?, ?, ?, ?, ?, ?)
Hibernate: insert into usuarios (enabled, password, username) values (?, ?, ?)
Hibernate: insert into personas (ape_mat, ape_pat, nombres, username, dni) values (?, ?, ?, ?, ?)
Hibernate: insert into clientes (direccion, id_distri, email, notas, telefono, dni) values (?, ?, ?, ?, ?, ?)
Hibernate: insert into usuarios (enabled, password, username) values (?, ?, ?)
Hibernate: insert into personas (ape_mat, ape_pat, nombres, username, dni) values (?, ?, ?, ?, ?)
Hibernate: insert into clientes (direccion, id_distri, email, notas, telefono, dni) values (?, ?, ?, ?, ?, ?)
Hibernate: insert into usuarios (enabled, password, username) values (?, ?, ?)
Hibernate: insert into personas (ape_mat, ape_pat, nombres, username, dni) values (?, ?, ?, ?, ?)
Hibernate: insert into clientes (direccion, id_distri, email, notas, telefono, dni) values (?, ?, ?, ?, ?, ?)
Hibernate: insert into usuarios (enabled, password, username) values (?, ?, ?)
Hibernate: insert into personas (ape_mat, ape_pat, nombres, username, dni) values (?, ?, ?, ?, ?)
Hibernate: insert into clientes (direccion, id_distri, email, notas, telefono, dni) values (?, ?, ?, ?, ?, ?)
Hibernate: insert into usuarios (enabled, password, username) values (?, ?, ?)
Hibernate: insert into personas (ape_mat, ape_pat, nombres, username, dni) values (?, ?, ?, ?, ?)
Hibernate: insert into clientes (direccion, id_distri, email, notas, telefono, dni) values (?, ?, ?, ?, ?, ?)
Hibernate: insert into usuarios (enabled, password, username) values (?, ?, ?)
Hibernate: insert into personas (ape_mat, ape_pat, nombres, username, dni) values (?, ?, ?, ?, ?)
Hibernate: insert into clientes (direccion, id_distri, email, notas, telefono, dni) values (?, ?, ?, ?, ?, ?)
Hibernate: insert into usuarios (enabled, password, username) values (?, ?, ?)
Hibernate: insert into personas (ape_mat, ape_pat, nombres, username, dni) values (?, ?, ?, ?, ?)
Hibernate: insert into clientes (direccion, id_distri, email, notas, telefono, dni) values (?, ?, ?, ?, ?, ?)
Hibernate: insert into usuarios (enabled, password, username) values (?, ?, ?)
Hibernate: insert into personas (ape_mat, ape_pat, nombres, username, dni) values (?, ?, ?, ?, ?)
Hibernate: insert into clientes (direccion, id_distri, email, notas, telefono, dni) values (?, ?, ?, ?, ?, ?)
Hibernate: insert into usuarios (enabled, password, username) values (?, ?, ?)
Hibernate: insert into personas (ape_mat, ape_pat, nombres, username, dni) values (?, ?, ?, ?, ?)
Hibernate: insert into clientes (direccion, id_distri, email, notas, telefono, dni) values (?, ?, ?, ?, ?, ?)
Hibernate: insert into usuarios (enabled, password, username) values (?, ?, ?)
Hibernate: insert into personas (ape_mat, ape_pat, nombres, username, dni) values (?, ?, ?, ?, ?)
Hibernate: insert into clientes (direccion, id_distri, email, notas, telefono, dni) values (?, ?, ?, ?, ?, ?)
Hibernate: insert into usuarios (enabled, password, username) values (?, ?, ?)
Hibernate: insert into personas (ape_mat, ape_pat, nombres, username, dni) values (?, ?, ?, ?, ?)
Hibernate: insert into clientes (direccion, id_distri, email, notas, telefono, dni) values (?, ?, ?, ?, ?, ?)
Hibernate: insert into usuarios (enabled, password, username) values (?, ?, ?)
Hibernate: insert into personas (ape_mat, ape_pat, nombres, username, dni) values (?, ?, ?, ?, ?)
Hibernate: insert into clientes (direccion, id_distri, email, notas, telefono, dni) values (?, ?, ?, ?, ?, ?)
Hibernate: insert into usuarios (enabled, password, username) values (?, ?, ?)
Hibernate: insert into personas (ape_mat, ape_pat, nombres, username, dni) values (?, ?, ?, ?, ?)
Hibernate: insert into clientes (direccion, id_distri, email, notas, telefono, dni) values (?, ?, ?, ?, ?, ?)
Hibernate: insert into usuarios (enabled, password, username) values (?, ?, ?)
Hibernate: insert into personas (ape_mat, ape_pat, nombres, username, dni) values (?, ?, ?, ?, ?)
Hibernate: insert into clientes (direccion, id_distri, email, notas, telefono, dni) values (?, ?, ?, ?, ?, ?)
Hibernate: insert into usuarios (enabled, password, username) values (?, ?, ?)
Hibernate: insert into personas (ape_mat, ape_pat, nombres, username, dni) values (?, ?, ?, ?, ?)
Hibernate: insert into clientes (direccion, id_distri, email, notas, telefono, dni) values (?, ?, ?, ?, ?, ?)
Hibernate: insert into usuarios (enabled, password, username) values (?, ?, ?)
Hibernate: insert into personas (ape_mat, ape_pat, nombres, username, dni) values (?, ?, ?, ?, ?)
Hibernate: insert into clientes (direccion, id_distri, email, notas, telefono, dni) values (?, ?, ?, ?, ?, ?)
Hibernate: insert into usuarios (enabled, password, username) values (?, ?, ?)
Hibernate: insert into personas (ape_mat, ape_pat, nombres, username, dni) values (?, ?, ?, ?, ?)
Hibernate: insert into clientes (direccion, id_distri, email, notas, telefono, dni) values (?, ?, ?, ?, ?, ?)
Hibernate: insert into usuarios (enabled, password, username) values (?, ?, ?)
Hibernate: insert into personas (ape_mat, ape_pat, nombres, username, dni) values (?, ?, ?, ?, ?)
Hibernate: insert into clientes (direccion, id_distri, email, notas, telefono, dni) values (?, ?, ?, ?, ?, ?)
Hibernate: insert into usuarios (enabled, password, username) values (?, ?, ?)
Hibernate: insert into personas (ape_mat, ape_pat, nombres, username, dni) values (?, ?, ?, ?, ?)
Hibernate: insert into clientes (direccion, id_distri, email, notas, telefono, dni) values (?, ?, ?, ?, ?, ?)
Hibernate: insert into usuarios (enabled, password, username) values (?, ?, ?)
Hibernate: insert into personas (ape_mat, ape_pat, nombres, username, dni) values (?, ?, ?, ?, ?)
Hibernate: insert into clientes (direccion, id_distri, email, notas, telefono, dni) values (?, ?, ?, ?, ?, ?)
Hibernate: insert into usuarios (enabled, password, username) values (?, ?, ?)
Hibernate: insert into personas (ape_mat, ape_pat, nombres, username, dni) values (?, ?, ?, ?, ?)
Hibernate: insert into clientes (direccion, id_distri, email, notas, telefono, dni) values (?, ?, ?, ?, ?, ?)
Hibernate: insert into usuarios (enabled, password, username) values (?, ?, ?)
Hibernate: insert into personas (ape_mat, ape_pat, nombres, username, dni) values (?, ?, ?, ?, ?)
Hibernate: insert into clientes (direccion, id_distri, email, notas, telefono, dni) values (?, ?, ?, ?, ?, ?)
Hibernate: insert into usuarios (enabled, password, username) values (?, ?, ?)
Hibernate: insert into personas (ape_mat, ape_pat, nombres, username, dni) values (?, ?, ?, ?, ?)
Hibernate: insert into clientes (direccion, id_distri, email, notas, telefono, dni) values (?, ?, ?, ?, ?, ?)
Hibernate: insert into usuarios (enabled, password, username) values (?, ?, ?)
Hibernate: insert into personas (ape_mat, ape_pat, nombres, username, dni) values (?, ?, ?, ?, ?)
Hibernate: insert into clientes (direccion, id_distri, email, notas, telefono, dni) values (?, ?, ?, ?, ?, ?)
Hibernate: insert into usuarios (enabled, password, username) values (?, ?, ?)
Hibernate: insert into personas (ape_mat, ape_pat, nombres, username, dni) values (?, ?, ?, ?, ?)
Hibernate: insert into clientes (direccion, id_distri, email, notas, telefono, dni) values (?, ?, ?, ?, ?, ?)
Hibernate: insert into usuarios (enabled, password, username) values (?, ?, ?)
Hibernate: insert into personas (ape_mat, ape_pat, nombres, username, dni) values (?, ?, ?, ?, ?)
Hibernate: insert into clientes (direccion, id_distri, email, notas, telefono, dni) values (?, ?, ?, ?, ?, ?)
Hibernate: insert into usuarios (enabled, password, username) values (?, ?, ?)
Hibernate: insert into personas (ape_mat, ape_pat, nombres, username, dni) values (?, ?, ?, ?, ?)
Hibernate: insert into clientes (direccion, id_distri, email, notas, telefono, dni) values (?, ?, ?, ?, ?, ?)
Hibernate: insert into usuarios (enabled, password, username) values (?, ?, ?)
Hibernate: insert into personas (ape_mat, ape_pat, nombres, username, dni) values (?, ?, ?, ?, ?)
Hibernate: insert into clientes (direccion, id_distri, email, notas, telefono, dni) values (?, ?, ?, ?, ?, ?)
Hibernate: insert into usuarios (enabled, password, username) values (?, ?, ?)
Hibernate: insert into personas (ape_mat, ape_pat, nombres, username, dni) values (?, ?, ?, ?, ?)
Hibernate: insert into clientes (direccion, id_distri, email, notas, telefono, dni) values (?, ?, ?, ?, ?, ?)
Hibernate: insert into usuarios (enabled, password, username) values (?, ?, ?)
Hibernate: insert into personas (ape_mat, ape_pat, nombres, username, dni) values (?, ?, ?, ?, ?)
Hibernate: insert into clientes (direccion, id_distri, email, notas, telefono, dni) values (?, ?, ?, ?, ?, ?)
Hibernate: insert into usuarios (enabled, password, username) values (?, ?, ?)
Hibernate: insert into personas (ape_mat, ape_pat, nombres, username, dni) values (?, ?, ?, ?, ?)
Hibernate: insert into clientes (direccion, id_distri, email, notas, telefono, dni) values (?, ?, ?, ?, ?, ?)
Hibernate: insert into usuarios (enabled, password, username) values (?, ?, ?)
Hibernate: insert into personas (ape_mat, ape_pat, nombres, username, dni) values (?, ?, ?, ?, ?)
Hibernate: insert into clientes (direccion, id_distri, email, notas, telefono, dni) values (?, ?, ?, ?, ?, ?)
Hibernate: insert into usuarios (enabled, password, username) values (?, ?, ?)
Hibernate: insert into personas (ape_mat, ape_pat, nombres, username, dni) values (?, ?, ?, ?, ?)
Hibernate: insert into clientes (direccion, id_distri, email, notas, telefono, dni) values (?, ?, ?, ?, ?, ?)
Hibernate: insert into usuarios (enabled, password, username) values (?, ?, ?)
Hibernate: insert into personas (ape_mat, ape_pat, nombres, username, dni) values (?, ?, ?, ?, ?)
Hibernate: insert into clientes (direccion, id_distri, email, notas, telefono, dni) values (?, ?, ?, ?, ?, ?)
Hibernate: insert into usuarios (enabled, password, username) values (?, ?, ?)
Hibernate: insert into personas (ape_mat, ape_pat, nombres, username, dni) values (?, ?, ?, ?, ?)
Hibernate: insert into clientes (direccion, id_distri, email, notas, telefono, dni) values (?, ?, ?, ?, ?, ?)
Hibernate: insert into usuarios (enabled, password, username) values (?, ?, ?)
Hibernate: insert into personas (ape_mat, ape_pat, nombres, username, dni) values (?, ?, ?, ?, ?)
Hibernate: insert into clientes (direccion, id_distri, email, notas, telefono, dni) values (?, ?, ?, ?, ?, ?)
Hibernate: insert into usuarios (enabled, password, username) values (?, ?, ?)
Hibernate: insert into personas (ape_mat, ape_pat, nombres, username, dni) values (?, ?, ?, ?, ?)
Hibernate: insert into clientes (direccion, id_distri, email, notas, telefono, dni) values (?, ?, ?, ?, ?, ?)
Hibernate: insert into usuarios (enabled, password, username) values (?, ?, ?)
Hibernate: insert into personas (ape_mat, ape_pat, nombres, username, dni) values (?, ?, ?, ?, ?)
Hibernate: insert into clientes (direccion, id_distri, email, notas, telefono, dni) values (?, ?, ?, ?, ?, ?)
Hibernate: insert into usuarios (enabled, password, username) values (?, ?, ?)
Hibernate: insert into personas (ape_mat, ape_pat, nombres, username, dni) values (?, ?, ?, ?, ?)
Hibernate: insert into clientes (direccion, id_distri, email, notas, telefono, dni) values (?, ?, ?, ?, ?, ?)
Hibernate: insert into usuarios (enabled, password, username) values (?, ?, ?)
Hibernate: insert into personas (ape_mat, ape_pat, nombres, username, dni) values (?, ?, ?, ?, ?)
Hibernate: insert into clientes (direccion, id_distri, email, notas, telefono, dni) values (?, ?, ?, ?, ?, ?)
Hibernate: insert into usuarios (enabled, password, username) values (?, ?, ?)
Hibernate: insert into personas (ape_mat, ape_pat, nombres, username, dni) values (?, ?, ?, ?, ?)
Hibernate: insert into clientes (direccion, id_distri, email, notas, telefono, dni) values (?, ?, ?, ?, ?, ?)
Hibernate: insert into usuarios (enabled, password, username) values (?, ?, ?)
Hibernate: insert into personas (ape_mat, ape_pat, nombres, username, dni) values (?, ?, ?, ?, ?)
Hibernate: insert into clientes (direccion, id_distri, email, notas, telefono, dni) values (?, ?, ?, ?, ?, ?)
Hibernate: insert into usuarios (enabled, password, username) values (?, ?, ?)
Hibernate: insert into personas (ape_mat, ape_pat, nombres, username, dni) values (?, ?, ?, ?, ?)
Hibernate: insert into clientes (direccion, id_distri, email, notas, telefono, dni) values (?, ?, ?, ?, ?, ?)
Hibernate: insert into usuarios (enabled, password, username) values (?, ?, ?)
Hibernate: insert into personas (ape_mat, ape_pat, nombres, username, dni) values (?, ?, ?, ?, ?)
Hibernate: insert into clientes (direccion, id_distri, email, notas, telefono, dni) values (?, ?, ?, ?, ?, ?)
Hibernate: insert into usuarios (enabled, password, username) values (?, ?, ?)
Hibernate: insert into personas (ape_mat, ape_pat, nombres, username, dni) values (?, ?, ?, ?, ?)
Hibernate: insert into clientes (direccion, id_distri, email, notas, telefono, dni) values (?, ?, ?, ?, ?, ?)
Hibernate: insert into usuarios (enabled, password, username) values (?, ?, ?)
Hibernate: insert into personas (ape_mat, ape_pat, nombres, username, dni) values (?, ?, ?, ?, ?)
Hibernate: insert into clientes (direccion, id_distri, email, notas, telefono, dni) values (?, ?, ?, ?, ?, ?)
Hibernate: insert into usuarios (enabled, password, username) values (?, ?, ?)
Hibernate: insert into personas (ape_mat, ape_pat, nombres, username, dni) values (?, ?, ?, ?, ?)
Hibernate: insert into clientes (direccion, id_distri, email, notas, telefono, dni) values (?, ?, ?, ?, ?, ?)
Hibernate: insert into usuarios (enabled, password, username) values (?, ?, ?)
Hibernate: insert into personas (ape_mat, ape_pat, nombres, username, dni) values (?, ?, ?, ?, ?)
Hibernate: insert into clientes (direccion, id_distri, email, notas, telefono, dni) values (?, ?, ?, ?, ?, ?)
Hibernate: insert into usuarios (enabled, password, username) values (?, ?, ?)
Hibernate: insert into personas (ape_mat, ape_pat, nombres, username, dni) values (?, ?, ?, ?, ?)
Hibernate: insert into clientes (direccion, id_distri, email, notas, telefono, dni) values (?, ?, ?, ?, ?, ?)
Hibernate: insert into usuarios (enabled, password, username) values (?, ?, ?)
Hibernate: insert into personas (ape_mat, ape_pat, nombres, username, dni) values (?, ?, ?, ?, ?)
Hibernate: insert into clientes (direccion, id_distri, email, notas, telefono, dni) values (?, ?, ?, ?, ?, ?)
Hibernate: insert into usuarios (enabled, password, username) values (?, ?, ?)
Hibernate: insert into personas (ape_mat, ape_pat, nombres, username, dni) values (?, ?, ?, ?, ?)
Hibernate: insert into clientes (direccion, id_distri, email, notas, telefono, dni) values (?, ?, ?, ?, ?, ?)
Hibernate: insert into usuarios (enabled, password, username) values (?, ?, ?)
Hibernate: insert into personas (ape_mat, ape_pat, nombres, username, dni) values (?, ?, ?, ?, ?)
Hibernate: insert into clientes (direccion, id_distri, email, notas, telefono, dni) values (?, ?, ?, ?, ?, ?)
Hibernate: insert into usuarios (enabled, password, username) values (?, ?, ?)
Hibernate: insert into personas (ape_mat, ape_pat, nombres, username, dni) values (?, ?, ?, ?, ?)
Hibernate: insert into clientes (direccion, id_distri, email, notas, telefono, dni) values (?, ?, ?, ?, ?, ?)
Hibernate: insert into usuarios (enabled, password, username) values (?, ?, ?)
Hibernate: insert into personas (ape_mat, ape_pat, nombres, username, dni) values (?, ?, ?, ?, ?)
Hibernate: insert into clientes (direccion, id_distri, email, notas, telefono, dni) values (?, ?, ?, ?, ?, ?)
Hibernate: insert into usuarios (enabled, password, username) values (?, ?, ?)
Hibernate: insert into personas (ape_mat, ape_pat, nombres, username, dni) values (?, ?, ?, ?, ?)
Hibernate: insert into clientes (direccion, id_distri, email, notas, telefono, dni) values (?, ?, ?, ?, ?, ?)
Hibernate: insert into usuarios (enabled, password, username) values (?, ?, ?)
Hibernate: insert into personas (ape_mat, ape_pat, nombres, username, dni) values (?, ?, ?, ?, ?)
Hibernate: insert into clientes (direccion, id_distri, email, notas, telefono, dni) values (?, ?, ?, ?, ?, ?)
Hibernate: insert into usuarios (enabled, password, username) values (?, ?, ?)
Hibernate: insert into personas (ape_mat, ape_pat, nombres, username, dni) values (?, ?, ?, ?, ?)
Hibernate: insert into clientes (direccion, id_distri, email, notas, telefono, dni) values (?, ?, ?, ?, ?, ?)
Hibernate: insert into usuarios (enabled, password, username) values (?, ?, ?)
Hibernate: insert into personas (ape_mat, ape_pat, nombres, username, dni) values (?, ?, ?, ?, ?)
Hibernate: insert into clientes (direccion, id_distri, email, notas, telefono, dni) values (?, ?, ?, ?, ?, ?)
Hibernate: insert into usuarios (enabled, password, username) values (?, ?, ?)
Hibernate: insert into personas (ape_mat, ape_pat, nombres, username, dni) values (?, ?, ?, ?, ?)
Hibernate: insert into clientes (direccion, id_distri, email, notas, telefono, dni) values (?, ?, ?, ?, ?, ?)
Hibernate: insert into usuarios (enabled, password, username) values (?, ?, ?)
Hibernate: insert into personas (ape_mat, ape_pat, nombres, username, dni) values (?, ?, ?, ?, ?)
Hibernate: insert into clientes (direccion, id_distri, email, notas, telefono, dni) values (?, ?, ?, ?, ?, ?)
Hibernate: insert into usuarios (enabled, password, username) values (?, ?, ?)
Hibernate: insert into personas (ape_mat, ape_pat, nombres, username, dni) values (?, ?, ?, ?, ?)
Hibernate: insert into clientes (direccion, id_distri, email, notas, telefono, dni) values (?, ?, ?, ?, ?, ?)
Hibernate: insert into usuarios (enabled, password, username) values (?, ?, ?)
Hibernate: insert into personas (ape_mat, ape_pat, nombres, username, dni) values (?, ?, ?, ?, ?)
Hibernate: insert into clientes (direccion, id_distri, email, notas, telefono, dni) values (?, ?, ?, ?, ?, ?)
Hibernate: insert into usuarios (enabled, password, username) values (?, ?, ?)
Hibernate: insert into personas (ape_mat, ape_pat, nombres, username, dni) values (?, ?, ?, ?, ?)
Hibernate: insert into clientes (direccion, id_distri, email, notas, telefono, dni) values (?, ?, ?, ?, ?, ?)
Hibernate: insert into usuarios (enabled, password, username) values (?, ?, ?)
Hibernate: insert into personas (ape_mat, ape_pat, nombres, username, dni) values (?, ?, ?, ?, ?)
Hibernate: insert into clientes (direccion, id_distri, email, notas, telefono, dni) values (?, ?, ?, ?, ?, ?)
Hibernate: insert into usuarios (enabled, password, username) values (?, ?, ?)
Hibernate: insert into personas (ape_mat, ape_pat, nombres, username, dni) values (?, ?, ?, ?, ?)
Hibernate: insert into clientes (direccion, id_distri, email, notas, telefono, dni) values (?, ?, ?, ?, ?, ?)
Hibernate: insert into usuarios (enabled, password, username) values (?, ?, ?)
Hibernate: insert into personas (ape_mat, ape_pat, nombres, username, dni) values (?, ?, ?, ?, ?)
Hibernate: insert into clientes (direccion, id_distri, email, notas, telefono, dni) values (?, ?, ?, ?, ?, ?)
Hibernate: insert into usuarios (enabled, password, username) values (?, ?, ?)
Hibernate: insert into personas (ape_mat, ape_pat, nombres, username, dni) values (?, ?, ?, ?, ?)
Hibernate: insert into clientes (direccion, id_distri, email, notas, telefono, dni) values (?, ?, ?, ?, ?, ?)
Hibernate: insert into usuarios (enabled, password, username) values (?, ?, ?)
Hibernate: insert into personas (ape_mat, ape_pat, nombres, username, dni) values (?, ?, ?, ?, ?)
Hibernate: insert into clientes (direccion, id_distri, email, notas, telefono, dni) values (?, ?, ?, ?, ?, ?)
Hibernate: insert into usuarios (enabled, password, username) values (?, ?, ?)
Hibernate: insert into personas (ape_mat, ape_pat, nombres, username, dni) values (?, ?, ?, ?, ?)
Hibernate: insert into clientes (direccion, id_distri, email, notas, telefono, dni) values (?, ?, ?, ?, ?, ?)
Hibernate: insert into usuarios (enabled, password, username) values (?, ?, ?)
Hibernate: insert into personas (ape_mat, ape_pat, nombres, username, dni) values (?, ?, ?, ?, ?)
Hibernate: insert into clientes (direccion, id_distri, email, notas, telefono, dni) values (?, ?, ?, ?, ?, ?)
Hibernate: insert into usuarios (enabled, password, username) values (?, ?, ?)
Hibernate: insert into personas (ape_mat, ape_pat, nombres, username, dni) values (?, ?, ?, ?, ?)
Hibernate: insert into clientes (direccion, id_distri, email, notas, telefono, dni) values (?, ?, ?, ?, ?, ?)
Hibernate: insert into usuarios (enabled, password, username) values (?, ?, ?)
Hibernate: insert into personas (ape_mat, ape_pat, nombres, username, dni) values (?, ?, ?, ?, ?)
Hibernate: insert into clientes (direccion, id_distri, email, notas, telefono, dni) values (?, ?, ?, ?, ?, ?)
Hibernate: insert into usuarios (enabled, password, username) values (?, ?, ?)
Hibernate: insert into personas (ape_mat, ape_pat, nombres, username, dni) values (?, ?, ?, ?, ?)
Hibernate: insert into clientes (direccion, id_distri, email, notas, telefono, dni) values (?, ?, ?, ?, ?, ?)
Hibernate: insert into usuarios (enabled, password, username) values (?, ?, ?)
Hibernate: insert into personas (ape_mat, ape_pat, nombres, username, dni) values (?, ?, ?, ?, ?)
Hibernate: insert into clientes (direccion, id_distri, email, notas, telefono, dni) values (?, ?, ?, ?, ?, ?)
Hibernate: insert into usuarios (enabled, password, username) values (?, ?, ?)
Hibernate: insert into personas (ape_mat, ape_pat, nombres, username, dni) values (?, ?, ?, ?, ?)
Hibernate: insert into clientes (direccion, id_distri, email, notas, telefono, dni) values (?, ?, ?, ?, ?, ?)
Hibernate: insert into usuarios (enabled, password, username) values (?, ?, ?)
Hibernate: insert into personas (ape_mat, ape_pat, nombres, username, dni) values (?, ?, ?, ?, ?)
Hibernate: insert into clientes (direccion, id_distri, email, notas, telefono, dni) values (?, ?, ?, ?, ?, ?)
Hibernate: insert into usuarios (enabled, password, username) values (?, ?, ?)
Hibernate: insert into personas (ape_mat, ape_pat, nombres, username, dni) values (?, ?, ?, ?, ?)
Hibernate: insert into clientes (direccion, id_distri, email, notas, telefono, dni) values (?, ?, ?, ?, ?, ?)
Hibernate: insert into usuarios (enabled, password, username) values (?, ?, ?)
Hibernate: insert into personas (ape_mat, ape_pat, nombres, username, dni) values (?, ?, ?, ?, ?)
Hibernate: insert into clientes (direccion, id_distri, email, notas, telefono, dni) values (?, ?, ?, ?, ?, ?)
Hibernate: insert into usuarios (enabled, password, username) values (?, ?, ?)
Hibernate: insert into personas (ape_mat, ape_pat, nombres, username, dni) values (?, ?, ?, ?, ?)
Hibernate: insert into clientes (direccion, id_distri, email, notas, telefono, dni) values (?, ?, ?, ?, ?, ?)
Hibernate: insert into usuarios (enabled, password, username) values (?, ?, ?)
Hibernate: insert into personas (ape_mat, ape_pat, nombres, username, dni) values (?, ?, ?, ?, ?)
Hibernate: insert into clientes (direccion, id_distri, email, notas, telefono, dni) values (?, ?, ?, ?, ?, ?)
Hibernate: insert into usuarios (enabled, password, username) values (?, ?, ?)
Hibernate: insert into personas (ape_mat, ape_pat, nombres, username, dni) values (?, ?, ?, ?, ?)
Hibernate: insert into clientes (direccion, id_distri, email, notas, telefono, dni) values (?, ?, ?, ?, ?, ?)
Hibernate: insert into usuarios (enabled, password, username) values (?, ?, ?)
Hibernate: insert into personas (ape_mat, ape_pat, nombres, username, dni) values (?, ?, ?, ?, ?)
Hibernate: insert into clientes (direccion, id_distri, email, notas, telefono, dni) values (?, ?, ?, ?, ?, ?)
Hibernate: insert into usuarios (enabled, password, username) values (?, ?, ?)
Hibernate: insert into personas (ape_mat, ape_pat, nombres, username, dni) values (?, ?, ?, ?, ?)
Hibernate: insert into clientes (direccion, id_distri, email, notas, telefono, dni) values (?, ?, ?, ?, ?, ?)
Hibernate: insert into usuarios (enabled, password, username) values (?, ?, ?)
Hibernate: insert into personas (ape_mat, ape_pat, nombres, username, dni) values (?, ?, ?, ?, ?)
Hibernate: insert into clientes (direccion, id_distri, email, notas, telefono, dni) values (?, ?, ?, ?, ?, ?)
Hibernate: insert into usuarios (enabled, password, username) values (?, ?, ?)
Hibernate: insert into personas (ape_mat, ape_pat, nombres, username, dni) values (?, ?, ?, ?, ?)
Hibernate: insert into clientes (direccion, id_distri, email, notas, telefono, dni) values (?, ?, ?, ?, ?, ?)
Hibernate: insert into usuarios (enabled, password, username) values (?, ?, ?)
Hibernate: insert into personas (ape_mat, ape_pat, nombres, username, dni) values (?, ?, ?, ?, ?)
Hibernate: insert into clientes (direccion, id_distri, email, notas, telefono, dni) values (?, ?, ?, ?, ?, ?)
Hibernate: insert into usuarios (enabled, password, username) values (?, ?, ?)
Hibernate: insert into personas (ape_mat, ape_pat, nombres, username, dni) values (?, ?, ?, ?, ?)
Hibernate: insert into clientes (direccion, id_distri, email, notas, telefono, dni) values (?, ?, ?, ?, ?, ?)
Hibernate: insert into usuarios (enabled, password, username) values (?, ?, ?)
Hibernate: insert into personas (ape_mat, ape_pat, nombres, username, dni) values (?, ?, ?, ?, ?)
Hibernate: insert into clientes (direccion, id_distri, email, notas, telefono, dni) values (?, ?, ?, ?, ?, ?)
Hibernate: insert into usuarios (enabled, password, username) values (?, ?, ?)
Hibernate: insert into personas (ape_mat, ape_pat, nombres, username, dni) values (?, ?, ?, ?, ?)
Hibernate: insert into clientes (direccion, id_distri, email, notas, telefono, dni) values (?, ?, ?, ?, ?, ?)
Hibernate: insert into usuarios (enabled, password, username) values (?, ?, ?)
Hibernate: insert into personas (ape_mat, ape_pat, nombres, username, dni) values (?, ?, ?, ?, ?)
Hibernate: insert into clientes (direccion, id_distri, email, notas, telefono, dni) values (?, ?, ?, ?, ?, ?)
Hibernate: insert into usuarios (enabled, password, username) values (?, ?, ?)
Hibernate: insert into personas (ape_mat, ape_pat, nombres, username, dni) values (?, ?, ?, ?, ?)
Hibernate: insert into clientes (direccion, id_distri, email, notas, telefono, dni) values (?, ?, ?, ?, ?, ?)
Hibernate: insert into usuarios (enabled, password, username) values (?, ?, ?)
Hibernate: insert into personas (ape_mat, ape_pat, nombres, username, dni) values (?, ?, ?, ?, ?)
Hibernate: insert into clientes (direccion, id_distri, email, notas, telefono, dni) values (?, ?, ?, ?, ?, ?)
Hibernate: insert into usuarios (enabled, password, username) values (?, ?, ?)
Hibernate: insert into personas (ape_mat, ape_pat, nombres, username, dni) values (?, ?, ?, ?, ?)
Hibernate: insert into clientes (direccion, id_distri, email, notas, telefono, dni) values (?, ?, ?, ?, ?, ?)
Hibernate: insert into usuarios (enabled, password, username) values (?, ?, ?)
Hibernate: insert into personas (ape_mat, ape_pat, nombres, username, dni) values (?, ?, ?, ?, ?)
Hibernate: insert into clientes (direccion, id_distri, email, notas, telefono, dni) values (?, ?, ?, ?, ?, ?)
Hibernate: insert into usuarios (enabled, password, username) values (?, ?, ?)
Hibernate: insert into personas (ape_mat, ape_pat, nombres, username, dni) values (?, ?, ?, ?, ?)
Hibernate: insert into clientes (direccion, id_distri, email, notas, telefono, dni) values (?, ?, ?, ?, ?, ?)
Hibernate: insert into usuarios (enabled, password, username) values (?, ?, ?)
Hibernate: insert into personas (ape_mat, ape_pat, nombres, username, dni) values (?, ?, ?, ?, ?)
Hibernate: insert into clientes (direccion, id_distri, email, notas, telefono, dni) values (?, ?, ?, ?, ?, ?)
Hibernate: insert into usuarios (enabled, password, username) values (?, ?, ?)
Hibernate: insert into personas (ape_mat, ape_pat, nombres, username, dni) values (?, ?, ?, ?, ?)
Hibernate: insert into clientes (direccion, id_distri, email, notas, telefono, dni) values (?, ?, ?, ?, ?, ?)
Hibernate: insert into usuarios (enabled, password, username) values (?, ?, ?)
Hibernate: insert into personas (ape_mat, ape_pat, nombres, username, dni) values (?, ?, ?, ?, ?)
Hibernate: insert into clientes (direccion, id_distri, email, notas, telefono, dni) values (?, ?, ?, ?, ?, ?)
Hibernate: insert into usuarios (enabled, password, username) values (?, ?, ?)
Hibernate: insert into personas (ape_mat, ape_pat, nombres, username, dni) values (?, ?, ?, ?, ?)
Hibernate: insert into clientes (direccion, id_distri, email, notas, telefono, dni) values (?, ?, ?, ?, ?, ?)
Hibernate: insert into usuarios (enabled, password, username) values (?, ?, ?)
Hibernate: insert into personas (ape_mat, ape_pat, nombres, username, dni) values (?, ?, ?, ?, ?)
Hibernate: insert into clientes (direccion, id_distri, email, notas, telefono, dni) values (?, ?, ?, ?, ?, ?)
Hibernate: insert into usuarios (enabled, password, username) values (?, ?, ?)
Hibernate: insert into personas (ape_mat, ape_pat, nombres, username, dni) values (?, ?, ?, ?, ?)
Hibernate: insert into clientes (direccion, id_distri, email, notas, telefono, dni) values (?, ?, ?, ?, ?, ?)
Hibernate: insert into usuarios (enabled, password, username) values (?, ?, ?)
Hibernate: insert into personas (ape_mat, ape_pat, nombres, username, dni) values (?, ?, ?, ?, ?)
Hibernate: insert into clientes (direccion, id_distri, email, notas, telefono, dni) values (?, ?, ?, ?, ?, ?)
Hibernate: insert into usuarios (enabled, password, username) values (?, ?, ?)
Hibernate: insert into personas (ape_mat, ape_pat, nombres, username, dni) values (?, ?, ?, ?, ?)
Hibernate: insert into clientes (direccion, id_distri, email, notas, telefono, dni) values (?, ?, ?, ?, ?, ?)
Hibernate: insert into usuarios (enabled, password, username) values (?, ?, ?)
Hibernate: insert into personas (ape_mat, ape_pat, nombres, username, dni) values (?, ?, ?, ?, ?)
Hibernate: insert into clientes (direccion, id_distri, email, notas, telefono, dni) values (?, ?, ?, ?, ?, ?)
Hibernate: insert into usuarios (enabled, password, username) values (?, ?, ?)
Hibernate: insert into personas (ape_mat, ape_pat, nombres, username, dni) values (?, ?, ?, ?, ?)
Hibernate: insert into clientes (direccion, id_distri, email, notas, telefono, dni) values (?, ?, ?, ?, ?, ?)
Hibernate: insert into usuarios (enabled, password, username) values (?, ?, ?)
Hibernate: insert into personas (ape_mat, ape_pat, nombres, username, dni) values (?, ?, ?, ?, ?)
Hibernate: insert into clientes (direccion, id_distri, email, notas, telefono, dni) values (?, ?, ?, ?, ?, ?)
Hibernate: insert into usuarios (enabled, password, username) values (?, ?, ?)
Hibernate: insert into personas (ape_mat, ape_pat, nombres, username, dni) values (?, ?, ?, ?, ?)
Hibernate: insert into clientes (direccion, id_distri, email, notas, telefono, dni) values (?, ?, ?, ?, ?, ?)
Hibernate: insert into usuarios (enabled, password, username) values (?, ?, ?)
Hibernate: insert into personas (ape_mat, ape_pat, nombres, username, dni) values (?, ?, ?, ?, ?)
Hibernate: insert into clientes (direccion, id_distri, email, notas, telefono, dni) values (?, ?, ?, ?, ?, ?)
Hibernate: insert into usuarios (enabled, password, username) values (?, ?, ?)
Hibernate: insert into personas (ape_mat, ape_pat, nombres, username, dni) values (?, ?, ?, ?, ?)
Hibernate: insert into clientes (direccion, id_distri, email, notas, telefono, dni) values (?, ?, ?, ?, ?, ?)
Hibernate: insert into usuarios (enabled, password, username) values (?, ?, ?)
Hibernate: insert into personas (ape_mat, ape_pat, nombres, username, dni) values (?, ?, ?, ?, ?)
Hibernate: insert into clientes (direccion, id_distri, email, notas, telefono, dni) values (?, ?, ?, ?, ?, ?)
Hibernate: insert into usuarios (enabled, password, username) values (?, ?, ?)
Hibernate: insert into personas (ape_mat, ape_pat, nombres, username, dni) values (?, ?, ?, ?, ?)
Hibernate: insert into clientes (direccion, id_distri, email, notas, telefono, dni) values (?, ?, ?, ?, ?, ?)
Hibernate: insert into usuarios (enabled, password, username) values (?, ?, ?)
Hibernate: insert into personas (ape_mat, ape_pat, nombres, username, dni) values (?, ?, ?, ?, ?)
Hibernate: insert into clientes (direccion, id_distri, email, notas, telefono, dni) values (?, ?, ?, ?, ?, ?)
Hibernate: insert into usuarios (enabled, password, username) values (?, ?, ?)
Hibernate: insert into personas (ape_mat, ape_pat, nombres, username, dni) values (?, ?, ?, ?, ?)
Hibernate: insert into clientes (direccion, id_distri, email, notas, telefono, dni) values (?, ?, ?, ?, ?, ?)
Hibernate: insert into usuarios (enabled, password, username) values (?, ?, ?)
Hibernate: insert into personas (ape_mat, ape_pat, nombres, username, dni) values (?, ?, ?, ?, ?)
Hibernate: insert into clientes (direccion, id_distri, email, notas, telefono, dni) values (?, ?, ?, ?, ?, ?)
Hibernate: insert into usuarios (enabled, password, username) values (?, ?, ?)
Hibernate: insert into personas (ape_mat, ape_pat, nombres, username, dni) values (?, ?, ?, ?, ?)
Hibernate: insert into clientes (direccion, id_distri, email, notas, telefono, dni) values (?, ?, ?, ?, ?, ?)
Hibernate: insert into usuarios (enabled, password, username) values (?, ?, ?)
Hibernate: insert into personas (ape_mat, ape_pat, nombres, username, dni) values (?, ?, ?, ?, ?)
Hibernate: insert into clientes (direccion, id_distri, email, notas, telefono, dni) values (?, ?, ?, ?, ?, ?)
Hibernate: insert into usuarios (enabled, password, username) values (?, ?, ?)
Hibernate: insert into personas (ape_mat, ape_pat, nombres, username, dni) values (?, ?, ?, ?, ?)
Hibernate: insert into clientes (direccion, id_distri, email, notas, telefono, dni) values (?, ?, ?, ?, ?, ?)
Hibernate: insert into usuarios (enabled, password, username) values (?, ?, ?)
Hibernate: insert into personas (ape_mat, ape_pat, nombres, username, dni) values (?, ?, ?, ?, ?)
Hibernate: insert into clientes (direccion, id_distri, email, notas, telefono, dni) values (?, ?, ?, ?, ?, ?)
Hibernate: insert into usuarios (enabled, password, username) values (?, ?, ?)
Hibernate: insert into personas (ape_mat, ape_pat, nombres, username, dni) values (?, ?, ?, ?, ?)
Hibernate: insert into clientes (direccion, id_distri, email, notas, telefono, dni) values (?, ?, ?, ?, ?, ?)
Hibernate: insert into usuarios (enabled, password, username) values (?, ?, ?)
Hibernate: insert into personas (ape_mat, ape_pat, nombres, username, dni) values (?, ?, ?, ?, ?)
Hibernate: insert into clientes (direccion, id_distri, email, notas, telefono, dni) values (?, ?, ?, ?, ?, ?)
Hibernate: insert into usuarios (enabled, password, username) values (?, ?, ?)
Hibernate: insert into personas (ape_mat, ape_pat, nombres, username, dni) values (?, ?, ?, ?, ?)
Hibernate: insert into clientes (direccion, id_distri, email, notas, telefono, dni) values (?, ?, ?, ?, ?, ?)
Hibernate: insert into usuarios (enabled, password, username) values (?, ?, ?)
Hibernate: insert into personas (ape_mat, ape_pat, nombres, username, dni) values (?, ?, ?, ?, ?)
Hibernate: insert into clientes (direccion, id_distri, email, notas, telefono, dni) values (?, ?, ?, ?, ?, ?)
Hibernate: insert into usuarios (enabled, password, username) values (?, ?, ?)
Hibernate: insert into personas (ape_mat, ape_pat, nombres, username, dni) values (?, ?, ?, ?, ?)
Hibernate: insert into clientes (direccion, id_distri, email, notas, telefono, dni) values (?, ?, ?, ?, ?, ?)
Hibernate: insert into usuarios (enabled, password, username) values (?, ?, ?)
Hibernate: insert into personas (ape_mat, ape_pat, nombres, username, dni) values (?, ?, ?, ?, ?)
Hibernate: insert into clientes (direccion, id_distri, email, notas, telefono, dni) values (?, ?, ?, ?, ?, ?)
Hibernate: insert into usuarios (enabled, password, username) values (?, ?, ?)
Hibernate: insert into personas (ape_mat, ape_pat, nombres, username, dni) values (?, ?, ?, ?, ?)
Hibernate: insert into clientes (direccion, id_distri, email, notas, telefono, dni) values (?, ?, ?, ?, ?, ?)
Hibernate: insert into usuarios (enabled, password, username) values (?, ?, ?)
Hibernate: insert into personas (ape_mat, ape_pat, nombres, username, dni) values (?, ?, ?, ?, ?)
Hibernate: insert into clientes (direccion, id_distri, email, notas, telefono, dni) values (?, ?, ?, ?, ?, ?)
Hibernate: insert into usuarios (enabled, password, username) values (?, ?, ?)
Hibernate: insert into personas (ape_mat, ape_pat, nombres, username, dni) values (?, ?, ?, ?, ?)
Hibernate: insert into clientes (direccion, id_distri, email, notas, telefono, dni) values (?, ?, ?, ?, ?, ?)
Hibernate: insert into usuarios (enabled, password, username) values (?, ?, ?)
Hibernate: insert into personas (ape_mat, ape_pat, nombres, username, dni) values (?, ?, ?, ?, ?)
Hibernate: insert into clientes (direccion, id_distri, email, notas, telefono, dni) values (?, ?, ?, ?, ?, ?)
Hibernate: insert into usuarios (enabled, password, username) values (?, ?, ?)
Hibernate: insert into personas (ape_mat, ape_pat, nombres, username, dni) values (?, ?, ?, ?, ?)
Hibernate: insert into clientes (direccion, id_distri, email, notas, telefono, dni) values (?, ?, ?, ?, ?, ?)
Hibernate: insert into usuarios (enabled, password, username) values (?, ?, ?)
Hibernate: insert into personas (ape_mat, ape_pat, nombres, username, dni) values (?, ?, ?, ?, ?)
Hibernate: insert into clientes (direccion, id_distri, email, notas, telefono, dni) values (?, ?, ?, ?, ?, ?)
Hibernate: insert into usuarios (enabled, password, username) values (?, ?, ?)
Hibernate: insert into personas (ape_mat, ape_pat, nombres, username, dni) values (?, ?, ?, ?, ?)
Hibernate: insert into clientes (direccion, id_distri, email, notas, telefono, dni) values (?, ?, ?, ?, ?, ?)
Hibernate: insert into usuarios (enabled, password, username) values (?, ?, ?)
Hibernate: insert into personas (ape_mat, ape_pat, nombres, username, dni) values (?, ?, ?, ?, ?)
Hibernate: insert into clientes (direccion, id_distri, email, notas, telefono, dni) values (?, ?, ?, ?, ?, ?)
Hibernate: insert into usuarios (enabled, password, username) values (?, ?, ?)
Hibernate: insert into personas (ape_mat, ape_pat, nombres, username, dni) values (?, ?, ?, ?, ?)
Hibernate: insert into clientes (direccion, id_distri, email, notas, telefono, dni) values (?, ?, ?, ?, ?, ?)
Hibernate: insert into usuarios (enabled, password, username) values (?, ?, ?)
Hibernate: insert into personas (ape_mat, ape_pat, nombres, username, dni) values (?, ?, ?, ?, ?)
Hibernate: insert into clientes (direccion, id_distri, email, notas, telefono, dni) values (?, ?, ?, ?, ?, ?)
Hibernate: insert into usuarios (enabled, password, username) values (?, ?, ?)
Hibernate: insert into personas (ape_mat, ape_pat, nombres, username, dni) values (?, ?, ?, ?, ?)
Hibernate: insert into clientes (direccion, id_distri, email, notas, telefono, dni) values (?, ?, ?, ?, ?, ?)
Hibernate: insert into usuarios (enabled, password, username) values (?, ?, ?)
Hibernate: insert into personas (ape_mat, ape_pat, nombres, username, dni) values (?, ?, ?, ?, ?)
Hibernate: insert into clientes (direccion, id_distri, email, notas, telefono, dni) values (?, ?, ?, ?, ?, ?)
Hibernate: insert into usuarios (enabled, password, username) values (?, ?, ?)
Hibernate: insert into personas (ape_mat, ape_pat, nombres, username, dni) values (?, ?, ?, ?, ?)
Hibernate: insert into clientes (direccion, id_distri, email, notas, telefono, dni) values (?, ?, ?, ?, ?, ?)
Hibernate: insert into usuarios (enabled, password, username) values (?, ?, ?)
Hibernate: insert into personas (ape_mat, ape_pat, nombres, username, dni) values (?, ?, ?, ?, ?)
Hibernate: insert into clientes (direccion, id_distri, email, notas, telefono, dni) values (?, ?, ?, ?, ?, ?)
Hibernate: insert into usuarios (enabled, password, username) values (?, ?, ?)
Hibernate: insert into personas (ape_mat, ape_pat, nombres, username, dni) values (?, ?, ?, ?, ?)
Hibernate: insert into clientes (direccion, id_distri, email, notas, telefono, dni) values (?, ?, ?, ?, ?, ?)
Hibernate: insert into usuarios (enabled, password, username) values (?, ?, ?)
Hibernate: insert into personas (ape_mat, ape_pat, nombres, username, dni) values (?, ?, ?, ?, ?)
Hibernate: insert into clientes (direccion, id_distri, email, notas, telefono, dni) values (?, ?, ?, ?, ?, ?)
Hibernate: insert into usuarios (enabled, password, username) values (?, ?, ?)
Hibernate: insert into personas (ape_mat, ape_pat, nombres, username, dni) values (?, ?, ?, ?, ?)
Hibernate: insert into clientes (direccion, id_distri, email, notas, telefono, dni) values (?, ?, ?, ?, ?, ?)
Hibernate: insert into usuarios (enabled, password, username) values (?, ?, ?)
Hibernate: insert into personas (ape_mat, ape_pat, nombres, username, dni) values (?, ?, ?, ?, ?)
Hibernate: insert into clientes (direccion, id_distri, email, notas, telefono, dni) values (?, ?, ?, ?, ?, ?)
Hibernate: insert into usuarios (enabled, password, username) values (?, ?, ?)
Hibernate: insert into personas (ape_mat, ape_pat, nombres, username, dni) values (?, ?, ?, ?, ?)
Hibernate: insert into clientes (direccion, id_distri, email, notas, telefono, dni) values (?, ?, ?, ?, ?, ?)
Hibernate: insert into usuarios (enabled, password, username) values (?, ?, ?)
Hibernate: insert into personas (ape_mat, ape_pat, nombres, username, dni) values (?, ?, ?, ?, ?)
Hibernate: insert into clientes (direccion, id_distri, email, notas, telefono, dni) values (?, ?, ?, ?, ?, ?)
Hibernate: insert into usuarios (enabled, password, username) values (?, ?, ?)
Hibernate: insert into personas (ape_mat, ape_pat, nombres, username, dni) values (?, ?, ?, ?, ?)
Hibernate: insert into clientes (direccion, id_distri, email, notas, telefono, dni) values (?, ?, ?, ?, ?, ?)
Hibernate: insert into usuarios (enabled, password, username) values (?, ?, ?)
Hibernate: insert into personas (ape_mat, ape_pat, nombres, username, dni) values (?, ?, ?, ?, ?)
Hibernate: insert into clientes (direccion, id_distri, email, notas, telefono, dni) values (?, ?, ?, ?, ?, ?)
Hibernate: insert into usuarios (enabled, password, username) values (?, ?, ?)
Hibernate: insert into personas (ape_mat, ape_pat, nombres, username, dni) values (?, ?, ?, ?, ?)
Hibernate: insert into clientes (direccion, id_distri, email, notas, telefono, dni) values (?, ?, ?, ?, ?, ?)
Hibernate: insert into usuarios (enabled, password, username) values (?, ?, ?)
Hibernate: insert into personas (ape_mat, ape_pat, nombres, username, dni) values (?, ?, ?, ?, ?)
Hibernate: insert into clientes (direccion, id_distri, email, notas, telefono, dni) values (?, ?, ?, ?, ?, ?)
Hibernate: insert into usuarios (enabled, password, username) values (?, ?, ?)
Hibernate: insert into personas (ape_mat, ape_pat, nombres, username, dni) values (?, ?, ?, ?, ?)
Hibernate: insert into clientes (direccion, id_distri, email, notas, telefono, dni) values (?, ?, ?, ?, ?, ?)
Hibernate: insert into usuarios (enabled, password, username) values (?, ?, ?)
Hibernate: insert into personas (ape_mat, ape_pat, nombres, username, dni) values (?, ?, ?, ?, ?)
Hibernate: insert into clientes (direccion, id_distri, email, notas, telefono, dni) values (?, ?, ?, ?, ?, ?)
Hibernate: insert into usuarios (enabled, password, username) values (?, ?, ?)
Hibernate: insert into personas (ape_mat, ape_pat, nombres, username, dni) values (?, ?, ?, ?, ?)
Hibernate: insert into clientes (direccion, id_distri, email, notas, telefono, dni) values (?, ?, ?, ?, ?, ?)
Hibernate: insert into usuarios (enabled, password, username) values (?, ?, ?)
Hibernate: insert into personas (ape_mat, ape_pat, nombres, username, dni) values (?, ?, ?, ?, ?)
Hibernate: insert into clientes (direccion, id_distri, email, notas, telefono, dni) values (?, ?, ?, ?, ?, ?)
Hibernate: insert into usuarios (enabled, password, username) values (?, ?, ?)
Hibernate: insert into personas (ape_mat, ape_pat, nombres, username, dni) values (?, ?, ?, ?, ?)
Hibernate: insert into clientes (direccion, id_distri, email, notas, telefono, dni) values (?, ?, ?, ?, ?, ?)
Hibernate: insert into usuarios (enabled, password, username) values (?, ?, ?)
Hibernate: insert into personas (ape_mat, ape_pat, nombres, username, dni) values (?, ?, ?, ?, ?)
Hibernate: insert into clientes (direccion, id_distri, email, notas, telefono, dni) values (?, ?, ?, ?, ?, ?)
Hibernate: insert into usuarios (enabled, password, username) values (?, ?, ?)
Hibernate: insert into personas (ape_mat, ape_pat, nombres, username, dni) values (?, ?, ?, ?, ?)
Hibernate: insert into clientes (direccion, id_distri, email, notas, telefono, dni) values (?, ?, ?, ?, ?, ?)
Hibernate: insert into usuarios (enabled, password, username) values (?, ?, ?)
Hibernate: insert into personas (ape_mat, ape_pat, nombres, username, dni) values (?, ?, ?, ?, ?)
Hibernate: insert into clientes (direccion, id_distri, email, notas, telefono, dni) values (?, ?, ?, ?, ?, ?)
Hibernate: insert into usuarios (enabled, password, username) values (?, ?, ?)
Hibernate: insert into personas (ape_mat, ape_pat, nombres, username, dni) values (?, ?, ?, ?, ?)
Hibernate: insert into clientes (direccion, id_distri, email, notas, telefono, dni) values (?, ?, ?, ?, ?, ?)
Hibernate: insert into usuarios (enabled, password, username) values (?, ?, ?)
Hibernate: insert into personas (ape_mat, ape_pat, nombres, username, dni) values (?, ?, ?, ?, ?)
Hibernate: insert into clientes (direccion, id_distri, email, notas, telefono, dni) values (?, ?, ?, ?, ?, ?)
Hibernate: insert into usuarios (enabled, password, username) values (?, ?, ?)
Hibernate: insert into personas (ape_mat, ape_pat, nombres, username, dni) values (?, ?, ?, ?, ?)
Hibernate: insert into clientes (direccion, id_distri, email, notas, telefono, dni) values (?, ?, ?, ?, ?, ?)
Hibernate: insert into usuarios (enabled, password, username) values (?, ?, ?)
Hibernate: insert into personas (ape_mat, ape_pat, nombres, username, dni) values (?, ?, ?, ?, ?)
Hibernate: insert into clientes (direccion, id_distri, email, notas, telefono, dni) values (?, ?, ?, ?, ?, ?)
Hibernate: insert into usuarios (enabled, password, username) values (?, ?, ?)
Hibernate: insert into personas (ape_mat, ape_pat, nombres, username, dni) values (?, ?, ?, ?, ?)
Hibernate: insert into clientes (direccion, id_distri, email, notas, telefono, dni) values (?, ?, ?, ?, ?, ?)
Hibernate: insert into usuarios (enabled, password, username) values (?, ?, ?)
Hibernate: insert into personas (ape_mat, ape_pat, nombres, username, dni) values (?, ?, ?, ?, ?)
Hibernate: insert into clientes (direccion, id_distri, email, notas, telefono, dni) values (?, ?, ?, ?, ?, ?)
Hibernate: insert into usuarios (enabled, password, username) values (?, ?, ?)
Hibernate: insert into personas (ape_mat, ape_pat, nombres, username, dni) values (?, ?, ?, ?, ?)
Hibernate: insert into clientes (direccion, id_distri, email, notas, telefono, dni) values (?, ?, ?, ?, ?, ?)
Hibernate: insert into usuarios (enabled, password, username) values (?, ?, ?)
Hibernate: insert into personas (ape_mat, ape_pat, nombres, username, dni) values (?, ?, ?, ?, ?)
Hibernate: insert into clientes (direccion, id_distri, email, notas, telefono, dni) values (?, ?, ?, ?, ?, ?)
Hibernate: insert into usuarios (enabled, password, username) values (?, ?, ?)
Hibernate: insert into personas (ape_mat, ape_pat, nombres, username, dni) values (?, ?, ?, ?, ?)
Hibernate: insert into clientes (direccion, id_distri, email, notas, telefono, dni) values (?, ?, ?, ?, ?, ?)
Hibernate: insert into usuarios (enabled, password, username) values (?, ?, ?)
Hibernate: insert into personas (ape_mat, ape_pat, nombres, username, dni) values (?, ?, ?, ?, ?)
Hibernate: insert into clientes (direccion, id_distri, email, notas, telefono, dni) values (?, ?, ?, ?, ?, ?)
Hibernate: insert into usuarios (enabled, password, username) values (?, ?, ?)
Hibernate: insert into personas (ape_mat, ape_pat, nombres, username, dni) values (?, ?, ?, ?, ?)
Hibernate: insert into clientes (direccion, id_distri, email, notas, telefono, dni) values (?, ?, ?, ?, ?, ?)
Hibernate: insert into usuarios (enabled, password, username) values (?, ?, ?)
Hibernate: insert into personas (ape_mat, ape_pat, nombres, username, dni) values (?, ?, ?, ?, ?)
Hibernate: insert into clientes (direccion, id_distri, email, notas, telefono, dni) values (?, ?, ?, ?, ?, ?)
Hibernate: insert into usuarios (enabled, password, username) values (?, ?, ?)
Hibernate: insert into personas (ape_mat, ape_pat, nombres, username, dni) values (?, ?, ?, ?, ?)
Hibernate: insert into clientes (direccion, id_distri, email, notas, telefono, dni) values (?, ?, ?, ?, ?, ?)
Hibernate: insert into usuarios (enabled, password, username) values (?, ?, ?)
Hibernate: insert into personas (ape_mat, ape_pat, nombres, username, dni) values (?, ?, ?, ?, ?)
Hibernate: insert into clientes (direccion, id_distri, email, notas, telefono, dni) values (?, ?, ?, ?, ?, ?)
Hibernate: insert into usuarios (enabled, password, username) values (?, ?, ?)
Hibernate: insert into personas (ape_mat, ape_pat, nombres, username, dni) values (?, ?, ?, ?, ?)
Hibernate: insert into clientes (direccion, id_distri, email, notas, telefono, dni) values (?, ?, ?, ?, ?, ?)
Hibernate: insert into usuarios (enabled, password, username) values (?, ?, ?)
Hibernate: insert into personas (ape_mat, ape_pat, nombres, username, dni) values (?, ?, ?, ?, ?)
Hibernate: insert into clientes (direccion, id_distri, email, notas, telefono, dni) values (?, ?, ?, ?, ?, ?)
Hibernate: insert into usuarios (enabled, password, username) values (?, ?, ?)
Hibernate: insert into personas (ape_mat, ape_pat, nombres, username, dni) values (?, ?, ?, ?, ?)
Hibernate: insert into clientes (direccion, id_distri, email, notas, telefono, dni) values (?, ?, ?, ?, ?, ?)
Hibernate: insert into usuarios (enabled, password, username) values (?, ?, ?)
Hibernate: insert into personas (ape_mat, ape_pat, nombres, username, dni) values (?, ?, ?, ?, ?)
Hibernate: insert into clientes (direccion, id_distri, email, notas, telefono, dni) values (?, ?, ?, ?, ?, ?)
Hibernate: insert into usuarios (enabled, password, username) values (?, ?, ?)
Hibernate: insert into personas (ape_mat, ape_pat, nombres, username, dni) values (?, ?, ?, ?, ?)
Hibernate: insert into clientes (direccion, id_distri, email, notas, telefono, dni) values (?, ?, ?, ?, ?, ?)
Hibernate: insert into usuarios (enabled, password, username) values (?, ?, ?)
Hibernate: insert into personas (ape_mat, ape_pat, nombres, username, dni) values (?, ?, ?, ?, ?)
Hibernate: insert into clientes (direccion, id_distri, email, notas, telefono, dni) values (?, ?, ?, ?, ?, ?)
Hibernate: insert into usuarios (enabled, password, username) values (?, ?, ?)
Hibernate: insert into personas (ape_mat, ape_pat, nombres, username, dni) values (?, ?, ?, ?, ?)
Hibernate: insert into clientes (direccion, id_distri, email, notas, telefono, dni) values (?, ?, ?, ?, ?, ?)
Hibernate: insert into usuarios (enabled, password, username) values (?, ?, ?)
Hibernate: insert into personas (ape_mat, ape_pat, nombres, username, dni) values (?, ?, ?, ?, ?)
Hibernate: insert into clientes (direccion, id_distri, email, notas, telefono, dni) values (?, ?, ?, ?, ?, ?)
Hibernate: insert into usuarios (enabled, password, username) values (?, ?, ?)
Hibernate: insert into personas (ape_mat, ape_pat, nombres, username, dni) values (?, ?, ?, ?, ?)
Hibernate: insert into clientes (direccion, id_distri, email, notas, telefono, dni) values (?, ?, ?, ?, ?, ?)
Hibernate: insert into usuarios (enabled, password, username) values (?, ?, ?)
Hibernate: insert into personas (ape_mat, ape_pat, nombres, username, dni) values (?, ?, ?, ?, ?)
Hibernate: insert into clientes (direccion, id_distri, email, notas, telefono, dni) values (?, ?, ?, ?, ?, ?)
Hibernate: insert into usuarios (enabled, password, username) values (?, ?, ?)
Hibernate: insert into personas (ape_mat, ape_pat, nombres, username, dni) values (?, ?, ?, ?, ?)
Hibernate: insert into clientes (direccion, id_distri, email, notas, telefono, dni) values (?, ?, ?, ?, ?, ?)
Hibernate: insert into usuarios (enabled, password, username) values (?, ?, ?)
Hibernate: insert into personas (ape_mat, ape_pat, nombres, username, dni) values (?, ?, ?, ?, ?)
Hibernate: insert into clientes (direccion, id_distri, email, notas, telefono, dni) values (?, ?, ?, ?, ?, ?)
Hibernate: insert into usuarios (enabled, password, username) values (?, ?, ?)
Hibernate: insert into personas (ape_mat, ape_pat, nombres, username, dni) values (?, ?, ?, ?, ?)
Hibernate: insert into clientes (direccion, id_distri, email, notas, telefono, dni) values (?, ?, ?, ?, ?, ?)
Hibernate: insert into usuarios (enabled, password, username) values (?, ?, ?)
Hibernate: insert into personas (ape_mat, ape_pat, nombres, username, dni) values (?, ?, ?, ?, ?)
Hibernate: insert into clientes (direccion, id_distri, email, notas, telefono, dni) values (?, ?, ?, ?, ?, ?)
Hibernate: insert into usuarios (enabled, password, username) values (?, ?, ?)
Hibernate: insert into personas (ape_mat, ape_pat, nombres, username, dni) values (?, ?, ?, ?, ?)
Hibernate: insert into clientes (direccion, id_distri, email, notas, telefono, dni) values (?, ?, ?, ?, ?, ?)
Hibernate: insert into usuarios (enabled, password, username) values (?, ?, ?)
Hibernate: insert into personas (ape_mat, ape_pat, nombres, username, dni) values (?, ?, ?, ?, ?)
Hibernate: insert into clientes (direccion, id_distri, email, notas, telefono, dni) values (?, ?, ?, ?, ?, ?)
Hibernate: insert into usuarios (enabled, password, username) values (?, ?, ?)
Hibernate: insert into personas (ape_mat, ape_pat, nombres, username, dni) values (?, ?, ?, ?, ?)
Hibernate: insert into clientes (direccion, id_distri, email, notas, telefono, dni) values (?, ?, ?, ?, ?, ?)
Hibernate: insert into usuarios (enabled, password, username) values (?, ?, ?)
Hibernate: insert into personas (ape_mat, ape_pat, nombres, username, dni) values (?, ?, ?, ?, ?)
Hibernate: insert into clientes (direccion, id_distri, email, notas, telefono, dni) values (?, ?, ?, ?, ?, ?)
Hibernate: insert into usuarios (enabled, password, username) values (?, ?, ?)
Hibernate: insert into personas (ape_mat, ape_pat, nombres, username, dni) values (?, ?, ?, ?, ?)
Hibernate: insert into clientes (direccion, id_distri, email, notas, telefono, dni) values (?, ?, ?, ?, ?, ?)
Hibernate: insert into usuarios (enabled, password, username) values (?, ?, ?)
Hibernate: insert into personas (ape_mat, ape_pat, nombres, username, dni) values (?, ?, ?, ?, ?)
Hibernate: insert into clientes (direccion, id_distri, email, notas, telefono, dni) values (?, ?, ?, ?, ?, ?)
Hibernate: insert into usuarios (enabled, password, username) values (?, ?, ?)
Hibernate: insert into personas (ape_mat, ape_pat, nombres, username, dni) values (?, ?, ?, ?, ?)
Hibernate: insert into clientes (direccion, id_distri, email, notas, telefono, dni) values (?, ?, ?, ?, ?, ?)
Hibernate: insert into usuarios (enabled, password, username) values (?, ?, ?)
Hibernate: insert into personas (ape_mat, ape_pat, nombres, username, dni) values (?, ?, ?, ?, ?)
Hibernate: insert into clientes (direccion, id_distri, email, notas, telefono, dni) values (?, ?, ?, ?, ?, ?)
Hibernate: insert into usuarios (enabled, password, username) values (?, ?, ?)
Hibernate: insert into personas (ape_mat, ape_pat, nombres, username, dni) values (?, ?, ?, ?, ?)
Hibernate: insert into clientes (direccion, id_distri, email, notas, telefono, dni) values (?, ?, ?, ?, ?, ?)
Hibernate: insert into usuarios (enabled, password, username) values (?, ?, ?)
Hibernate: insert into personas (ape_mat, ape_pat, nombres, username, dni) values (?, ?, ?, ?, ?)
Hibernate: insert into clientes (direccion, id_distri, email, notas, telefono, dni) values (?, ?, ?, ?, ?, ?)
Hibernate: insert into usuarios (enabled, password, username) values (?, ?, ?)
Hibernate: insert into personas (ape_mat, ape_pat, nombres, username, dni) values (?, ?, ?, ?, ?)
Hibernate: insert into clientes (direccion, id_distri, email, notas, telefono, dni) values (?, ?, ?, ?, ?, ?)
Hibernate: insert into usuarios (enabled, password, username) values (?, ?, ?)
Hibernate: insert into personas (ape_mat, ape_pat, nombres, username, dni) values (?, ?, ?, ?, ?)
Hibernate: insert into clientes (direccion, id_distri, email, notas, telefono, dni) values (?, ?, ?, ?, ?, ?)
Hibernate: insert into usuarios (enabled, password, username) values (?, ?, ?)
Hibernate: insert into personas (ape_mat, ape_pat, nombres, username, dni) values (?, ?, ?, ?, ?)
Hibernate: insert into clientes (direccion, id_distri, email, notas, telefono, dni) values (?, ?, ?, ?, ?, ?)
Hibernate: insert into usuarios (enabled, password, username) values (?, ?, ?)
Hibernate: insert into personas (ape_mat, ape_pat, nombres, username, dni) values (?, ?, ?, ?, ?)
Hibernate: insert into clientes (direccion, id_distri, email, notas, telefono, dni) values (?, ?, ?, ?, ?, ?)
Hibernate: insert into usuarios (enabled, password, username) values (?, ?, ?)
Hibernate: insert into personas (ape_mat, ape_pat, nombres, username, dni) values (?, ?, ?, ?, ?)
Hibernate: insert into clientes (direccion, id_distri, email, notas, telefono, dni) values (?, ?, ?, ?, ?, ?)
Hibernate: insert into usuarios (enabled, password, username) values (?, ?, ?)
Hibernate: insert into personas (ape_mat, ape_pat, nombres, username, dni) values (?, ?, ?, ?, ?)
Hibernate: insert into clientes (direccion, id_distri, email, notas, telefono, dni) values (?, ?, ?, ?, ?, ?)
Hibernate: insert into usuarios (enabled, password, username) values (?, ?, ?)
Hibernate: insert into personas (ape_mat, ape_pat, nombres, username, dni) values (?, ?, ?, ?, ?)
Hibernate: insert into clientes (direccion, id_distri, email, notas, telefono, dni) values (?, ?, ?, ?, ?, ?)
Hibernate: insert into usuarios (enabled, password, username) values (?, ?, ?)
Hibernate: insert into personas (ape_mat, ape_pat, nombres, username, dni) values (?, ?, ?, ?, ?)
Hibernate: insert into clientes (direccion, id_distri, email, notas, telefono, dni) values (?, ?, ?, ?, ?, ?)
Hibernate: insert into usuarios (enabled, password, username) values (?, ?, ?)
Hibernate: insert into personas (ape_mat, ape_pat, nombres, username, dni) values (?, ?, ?, ?, ?)
Hibernate: insert into clientes (direccion, id_distri, email, notas, telefono, dni) values (?, ?, ?, ?, ?, ?)
Hibernate: insert into usuarios (enabled, password, username) values (?, ?, ?)
Hibernate: insert into personas (ape_mat, ape_pat, nombres, username, dni) values (?, ?, ?, ?, ?)
Hibernate: insert into clientes (direccion, id_distri, email, notas, telefono, dni) values (?, ?, ?, ?, ?, ?)
Hibernate: insert into usuarios (enabled, password, username) values (?, ?, ?)
Hibernate: insert into personas (ape_mat, ape_pat, nombres, username, dni) values (?, ?, ?, ?, ?)
Hibernate: insert into clientes (direccion, id_distri, email, notas, telefono, dni) values (?, ?, ?, ?, ?, ?)
Hibernate: insert into usuarios (enabled, password, username) values (?, ?, ?)
Hibernate: insert into personas (ape_mat, ape_pat, nombres, username, dni) values (?, ?, ?, ?, ?)
Hibernate: insert into clientes (direccion, id_distri, email, notas, telefono, dni) values (?, ?, ?, ?, ?, ?)
Hibernate: insert into usuarios (enabled, password, username) values (?, ?, ?)
Hibernate: insert into personas (ape_mat, ape_pat, nombres, username, dni) values (?, ?, ?, ?, ?)
Hibernate: insert into clientes (direccion, id_distri, email, notas, telefono, dni) values (?, ?, ?, ?, ?, ?)
Hibernate: insert into usuarios (enabled, password, username) values (?, ?, ?)
Hibernate: insert into personas (ape_mat, ape_pat, nombres, username, dni) values (?, ?, ?, ?, ?)
Hibernate: insert into clientes (direccion, id_distri, email, notas, telefono, dni) values (?, ?, ?, ?, ?, ?)
Hibernate: insert into usuarios (enabled, password, username) values (?, ?, ?)
Hibernate: insert into personas (ape_mat, ape_pat, nombres, username, dni) values (?, ?, ?, ?, ?)
Hibernate: insert into clientes (direccion, id_distri, email, notas, telefono, dni) values (?, ?, ?, ?, ?, ?)
Hibernate: insert into usuarios (enabled, password, username) values (?, ?, ?)
</system-out>
    <system-err>jun 10, 2017 3:09:40 PM org.hibernate.Version logVersion
INFO: HHH000412: Hibernate Core {5.2.1.Final}
jun 10, 2017 3:09:40 PM org.hibernate.cfg.Environment &lt;clinit&gt;
INFO: HHH000206: hibernate.properties not found
jun 10, 2017 3:09:40 PM org.hibernate.cfg.Environment buildBytecodeProvider
INFO: HHH000021: Bytecode provider name : javassist
jun 10, 2017 3:09:40 PM org.hibernate.boot.jaxb.internal.stax.LocalXmlResourceResolver resolveEntity
WARN: HHH90000012: Recognized obsolete hibernate namespace http://hibernate.sourceforge.net/hibernate-configuration. Use namespace http://www.hibernate.org/dtd/hibernate-configuration instead.  Support for obsolete DTD/XSD namespaces may be removed at any time.
jun 10, 2017 3:09:40 PM org.hibernate.annotations.common.reflection.java.JavaReflectionManager &lt;clinit&gt;
INFO: HCANN000001: Hibernate Commons Annotations {5.0.1.Final}
jun 10, 2017 3:09:40 PM org.hibernate.engine.jdbc.connections.internal.DriverManagerConnectionProviderImpl configure
WARN: HHH10001002: Using Hibernate built-in connection pool (not for production use!)
jun 10, 2017 3:09:41 PM org.hibernate.engine.jdbc.connections.internal.DriverManagerConnectionProviderImpl buildCreator
INFO: HHH10001005: using driver [com.mysql.jdbc.Driver] at URL [jdbc:mysql://localhost:3306/testdb]
jun 10, 2017 3:09:41 PM org.hibernate.engine.jdbc.connections.internal.DriverManagerConnectionProviderImpl buildCreator
INFO: HHH10001001: Connection properties: {user=root, password=****}
jun 10, 2017 3:09:41 PM org.hibernate.engine.jdbc.connections.internal.DriverManagerConnectionProviderImpl buildCreator
INFO: HHH10001003: Autocommit mode: false
jun 10, 2017 3:09:41 PM org.hibernate.engine.jdbc.connections.internal.PooledConnections &lt;init&gt;
INFO: HHH000115: Hibernate connection pool size: 20 (min=1)
jun 10, 2017 3:09:41 PM org.hibernate.dialect.Dialect &lt;init&gt;
INFO: HHH000400: Using dialect: org.hibernate.dialect.MySQLDialect
jun 10, 2017 3:09:41 PM org.hibernate.validator.internal.util.Version &lt;clinit&gt;
INFO: HV000001: Hibernate Validator 5.2.4.Final
</system-err>
  </testcase>
</testsuite>